[2020-10-04 22:51:22,950] http_request.py->send line:58 [INFO]--------------------------------[Publickey] Start-----------------------------
[2020-10-04 22:51:22,952] http_request.py->send line:59 [INFO]https://api.usite.online:83/wujiang/dev/api/v2/parking/app/v1/auth/publicKey/ohURa5IyyvhXBw89X73HPTcJwEAY
[2020-10-04 22:51:25,135] http_request.py->send line:62 [INFO]{"code":200,"data":"d09e09a2136922efc8f92b62fd9a4141","success":true,"message":"success"}
[2020-10-04 22:51:25,135] http_request.py->send line:63 [INFO]200
[2020-10-04 22:51:25,143] http_request.py->send line:58 [INFO]--------------------------------[Token] Start-----------------------------
[2020-10-04 22:51:25,143] http_request.py->send line:59 [INFO]https://api.usite.online:83/wujiang/dev/api/v2/parking/app/v1/auth/token
[2020-10-04 22:51:25,235] http_request.py->send line:62 [INFO]{"code":-1,"data":null,"success":false,"message":"get token failure"}
[2020-10-04 22:51:25,235] http_request.py->send line:63 [INFO]200
[2020-10-04 23:14:07,297] http_request.py->send line:55 [INFO]--------------------------------[Publickey] Start-----------------------------
[2020-10-04 23:14:07,297] http_request.py->send line:56 [INFO]https://api.usite.online:83/wujiang/dev/api/v2/parking/app/v1/auth/publicKey/ohURa5IyyvhXBw89X73HPTcJwEAY
[2020-10-04 23:14:10,497] http_request.py->send line:59 [INFO]{"code":200,"data":"cef12eff03c5e3453ebb2da38e35c855","success":true,"message":"success"}
[2020-10-04 23:14:10,497] http_request.py->send line:60 [INFO]200
[2020-10-04 23:14:10,500] cheack.py->comper_str line:13 [INFO]200---200结果一致
[2020-10-04 23:14:10,500] cheack.py->comper_str line:13 [INFO]200---200结果一致
[2020-10-04 23:14:10,500] cheack.py->comper_str line:13 [INFO].*---cef12eff03c5e3453ebb2da38e35c855结果一致
[2020-10-04 23:14:10,500] cheack.py->comper_str line:13 [INFO]True---True结果一致
[2020-10-04 23:14:10,500] cheack.py->comper_str line:13 [INFO]success---success结果一致
[2020-10-04 23:14:10,504] http_request.py->send line:55 [INFO]--------------------------------[Token] Start-----------------------------
[2020-10-04 23:14:10,504] http_request.py->send line:56 [INFO]https://api.usite.online:83/wujiang/dev/api/v2/parking/app/v1/auth/token
[2020-10-04 23:14:10,602] http_request.py->send line:59 [INFO]{"code":-1,"data":null,"success":false,"message":"get token failure"}
[2020-10-04 23:14:10,602] http_request.py->send line:60 [INFO]200
[2020-10-04 23:14:10,605] cheack.py->comper_str line:13 [INFO]200---200结果一致
[2020-10-04 23:14:10,605] cheack.py->comper_str line:15 [INFO]200----1结果不一致
[2020-10-04 23:14:53,814] http_request.py->send line:55 [INFO]--------------------------------[Publickey] Start-----------------------------
[2020-10-04 23:14:53,816] http_request.py->send line:56 [INFO]https://api.usite.online:83/wujiang/dev/api/v2/parking/app/v1/auth/publicKey/ohURa5IyyvhXBw89X73HPTcJwEAY
[2020-10-04 23:14:53,926] http_request.py->send line:59 [INFO]{"code":200,"data":"cef12eff03c5e3453ebb2da38e35c855","success":true,"message":"success"}
[2020-10-04 23:14:53,928] http_request.py->send line:60 [INFO]200
[2020-10-04 23:14:53,931] http_request.py->send line:55 [INFO]--------------------------------[Token] Start-----------------------------
[2020-10-04 23:14:53,931] http_request.py->send line:56 [INFO]https://api.usite.online:83/wujiang/dev/api/v2/parking/app/v1/auth/token
[2020-10-04 23:14:54,006] http_request.py->send line:59 [INFO]{"code":-1,"data":null,"success":false,"message":"get token failure"}
[2020-10-04 23:14:54,008] http_request.py->send line:60 [INFO]200
[2020-10-04 23:15:58,030] http_request.py->send line:55 [INFO]--------------------------------[Publickey] Start-----------------------------
[2020-10-04 23:15:58,032] http_request.py->send line:56 [INFO]https://api.usite.online:83/wujiang/dev/api/v2/parking/app/v1/auth/publicKey/ohURa5IyyvhXBw89X73HPTcJwEAY
[2020-10-04 23:15:58,140] http_request.py->send line:59 [INFO]{"code":200,"data":"6aa4ee9ce019303c361acef123a0e474","success":true,"message":"success"}
[2020-10-04 23:15:58,140] http_request.py->send line:60 [INFO]200
[2020-10-04 23:15:58,140] cheack.py->comper_str line:13 [INFO]200---200结果一致
[2020-10-04 23:15:58,140] cheack.py->comper_str line:13 [INFO]200---200结果一致
[2020-10-04 23:15:58,140] cheack.py->comper_str line:13 [INFO].*---6aa4ee9ce019303c361acef123a0e474结果一致
[2020-10-04 23:15:58,140] cheack.py->comper_str line:13 [INFO]True---True结果一致
[2020-10-04 23:15:58,140] cheack.py->comper_str line:13 [INFO]success---success结果一致
[2020-10-04 23:15:58,143] http_request.py->send line:55 [INFO]--------------------------------[Token] Start-----------------------------
[2020-10-04 23:15:58,143] http_request.py->send line:56 [INFO]https://api.usite.online:83/wujiang/dev/api/v2/parking/app/v1/auth/token
[2020-10-04 23:15:58,225] http_request.py->send line:59 [INFO]{"code":-1,"data":null,"success":false,"message":"get token failure"}
[2020-10-04 23:15:58,225] http_request.py->send line:60 [INFO]200
[2020-10-04 23:15:58,225] cheack.py->comper_str line:13 [INFO]200---200结果一致
[2020-10-04 23:15:58,225] cheack.py->comper_str line:15 [INFO]200----1结果不一致
[2020-10-05 20:48:34,957] http_request.py->send line:55 [INFO]--------------------------------[Publickey] Start-----------------------------
[2020-10-05 20:48:34,973] http_request.py->send line:56 [INFO]https://api.usite.online:83/wujiang/dev/api/v2/parking/app/v1/auth/publicKey/ohURa5IyyvhXBw89X73HPTcJwEAY
[2020-10-05 20:48:39,206] http_request.py->send line:59 [INFO]{"code":200,"data":"4634dd4d22d59da405c9a2106ae2e3e5","success":true,"message":"success"}
[2020-10-05 20:48:39,206] http_request.py->send line:60 [INFO]200
[2020-10-05 20:48:39,206] cheack.py->comper_str line:13 [INFO]200---200结果一致
[2020-10-05 20:48:39,206] cheack.py->comper_str line:13 [INFO]200---200结果一致
[2020-10-05 20:48:39,207] cheack.py->comper_str line:13 [INFO].*---4634dd4d22d59da405c9a2106ae2e3e5结果一致
[2020-10-05 20:48:39,207] cheack.py->comper_str line:13 [INFO]True---True结果一致
[2020-10-05 20:48:39,207] cheack.py->comper_str line:13 [INFO]success---success结果一致
[2020-10-05 20:48:39,208] http_request.py->send line:55 [INFO]--------------------------------[Token] Start-----------------------------
[2020-10-05 20:48:39,209] http_request.py->send line:56 [INFO]https://api.usite.online:83/wujiang/dev/api/v2/parking/app/v1/auth/token
[2020-10-05 20:48:39,290] http_request.py->send line:59 [INFO]{"code":-1,"data":null,"success":false,"message":"get token failure"}
[2020-10-05 20:48:39,290] http_request.py->send line:60 [INFO]200
[2020-10-05 20:48:39,290] cheack.py->comper_str line:13 [INFO]200---200结果一致
[2020-10-05 20:48:39,291] cheack.py->comper_str line:15 [INFO]200----1结果不一致
[2020-10-05 20:50:54,876] http_request.py->send line:55 [INFO]--------------------------------[Publickey] Start-----------------------------
[2020-10-05 20:50:54,877] http_request.py->send line:56 [INFO]https://api.usite.online:83/wujiang/dev/api/v2/parking/app/v1/auth/publicKey/ohURa5IyyvhXBw89X73HPTcJwEAY
[2020-10-05 20:50:55,391] http_request.py->send line:59 [INFO]{"code":200,"data":"6a1941bd229a7b0f390b9fbb6f99fc2b","success":true,"message":"success"}
[2020-10-05 20:50:55,392] http_request.py->send line:60 [INFO]200
[2020-10-05 20:50:55,392] cheack.py->comper_str line:13 [INFO]200---200结果一致
[2020-10-05 20:50:55,392] cheack.py->comper_str line:13 [INFO]200---200结果一致
[2020-10-05 20:50:55,392] cheack.py->comper_str line:13 [INFO].*---6a1941bd229a7b0f390b9fbb6f99fc2b结果一致
[2020-10-05 20:50:55,393] cheack.py->comper_str line:13 [INFO]True---True结果一致
[2020-10-05 20:50:55,393] cheack.py->comper_str line:13 [INFO]success---success结果一致
[2020-10-05 20:50:55,395] http_request.py->send line:55 [INFO]--------------------------------[Token] Start-----------------------------
[2020-10-05 20:50:55,395] http_request.py->send line:56 [INFO]https://api.usite.online:83/wujiang/dev/api/v2/parking/app/v1/auth/token
[2020-10-05 20:50:55,503] http_request.py->send line:59 [INFO]{"code":-1,"data":null,"success":false,"message":"get token failure"}
[2020-10-05 20:50:55,504] http_request.py->send line:60 [INFO]200
[2020-10-05 20:50:55,504] cheack.py->comper_str line:13 [INFO]200---200结果一致
[2020-10-05 20:50:55,504] cheack.py->comper_str line:15 [INFO]200----1结果不一致
[2020-10-05 20:55:15,311] http_request.py->send line:55 [INFO]--------------------------------[Publickey Start]-----------------------------
[2020-10-05 20:55:15,312] http_request.py->send line:56 [INFO][URl: ]https://api.usite.online:83/wujiang/dev/api/v2/parking/app/v1/auth/publicKey/ohURa5IyyvhXBw89X73HPTcJwEAY
[2020-10-05 20:55:57,471] http_request.py->send line:55 [INFO]--------------------------------[Publickey Start]-----------------------------
[2020-10-05 20:55:57,471] http_request.py->send line:56 [INFO][URl: ]https://api.usite.online:83/wujiang/dev/api/v2/parking/app/v1/auth/publicKey/ohURa5IyyvhXBw89X73HPTcJwEAY
[2020-10-05 20:55:57,472] http_request.py->send line:57 [INFO][Request Header: ]{'Content-Type': 'application/json'}
[2020-10-05 20:55:57,472] http_request.py->send line:58 [INFO][Request Body: ]
[2020-10-05 20:56:22,800] http_request.py->send line:61 [INFO]{"code":200,"data":"ec7652f30306f45f13872c086e52294b","success":true,"message":"success"}
[2020-10-05 20:56:22,801] http_request.py->send line:62 [INFO]200
[2020-10-05 20:56:22,801] cheack.py->comper_str line:13 [INFO]200---200结果一致
[2020-10-05 20:56:22,802] cheack.py->comper_str line:13 [INFO]200---200结果一致
[2020-10-05 20:56:22,802] cheack.py->comper_str line:13 [INFO].*---ec7652f30306f45f13872c086e52294b结果一致
[2020-10-05 20:56:22,802] cheack.py->comper_str line:13 [INFO]True---True结果一致
[2020-10-05 20:56:22,803] cheack.py->comper_str line:13 [INFO]success---success结果一致
[2020-10-05 20:56:22,806] http_request.py->send line:55 [INFO]--------------------------------[Token Start]-----------------------------
[2020-10-05 20:56:22,806] http_request.py->send line:56 [INFO][URl: ]https://api.usite.online:83/wujiang/dev/api/v2/parking/app/v1/auth/token
[2020-10-05 20:56:22,806] http_request.py->send line:57 [INFO][Request Header: ]{'Content-Type': 'application/json'}
[2020-10-05 20:56:22,807] http_request.py->send line:58 [INFO][Request Body: ]b'{"username": "ohURa5IyyvhXBw89X73HPTcJwEAY", "publicKey": "ec7652f30306f45f13872c086e52294b", "type": 1}'
[2020-10-05 20:56:25,447] http_request.py->send line:61 [INFO]{"code":-1,"data":null,"success":false,"message":"get token failure"}
[2020-10-05 20:56:25,447] http_request.py->send line:62 [INFO]200
[2020-10-05 20:56:25,448] cheack.py->comper_str line:13 [INFO]200---200结果一致
[2020-10-05 20:56:25,448] cheack.py->comper_str line:15 [INFO]200----1结果不一致
[2020-10-05 21:00:05,740] http_request.py->send line:57 [INFO]--------------------------------[Publickey Start]-----------------------------
[2020-10-05 21:00:05,741] http_request.py->send line:58 [INFO][URl: ]https://api.usite.online:83/wujiang/dev/api/v2/parking/app/v1/auth/publicKey/ohURa5IyyvhXBw89X73HPTcJwEAY
[2020-10-05 21:00:05,741] http_request.py->send line:59 [INFO][Request Header: ]{"Content-Type": "application/json"}
[2020-10-05 21:00:05,741] http_request.py->send line:60 [INFO][Request Body: ]""
[2020-10-05 21:00:05,869] http_request.py->send line:63 [INFO]{"code":200,"data":"64790be6cca83c3a8970bd2bd8912132","success":true,"message":"success"}
[2020-10-05 21:00:05,869] http_request.py->send line:64 [INFO]200
[2020-10-05 21:00:05,869] cheack.py->comper_str line:13 [INFO]200---200结果一致
[2020-10-05 21:00:05,869] cheack.py->comper_str line:13 [INFO]200---200结果一致
[2020-10-05 21:00:05,869] cheack.py->comper_str line:13 [INFO].*---64790be6cca83c3a8970bd2bd8912132结果一致
[2020-10-05 21:00:05,869] cheack.py->comper_str line:13 [INFO]True---True结果一致
[2020-10-05 21:00:05,870] cheack.py->comper_str line:13 [INFO]success---success结果一致
[2020-10-05 21:07:49,049] http_request.py->send line:57 [INFO]--------------------------------[Publickey Start]-----------------------------
[2020-10-05 21:07:49,049] http_request.py->send line:58 [INFO][URl: ]https://api.usite.online:83/wujiang/dev/api/v2/parking/app/v1/auth/publicKey/ohURa5IyyvhXBw89X73HPTcJwEAY
[2020-10-05 21:07:49,050] http_request.py->send line:59 [INFO][Request Header: ]{"Content-Type": "application/json"}
[2020-10-05 21:07:56,176] http_request.py->send line:63 [INFO]{"code":200,"data":"1c427195345295192293652c5de3b7b2","success":true,"message":"success"}
[2020-10-05 21:07:56,177] http_request.py->send line:64 [INFO]200
[2020-10-05 21:07:56,177] cheack.py->comper_str line:13 [INFO]200---200结果一致
[2020-10-05 21:07:56,177] cheack.py->comper_str line:13 [INFO]200---200结果一致
[2020-10-05 21:07:56,177] cheack.py->comper_str line:13 [INFO].*---1c427195345295192293652c5de3b7b2结果一致
[2020-10-05 21:07:56,177] cheack.py->comper_str line:13 [INFO]True---True结果一致
[2020-10-05 21:07:56,177] cheack.py->comper_str line:13 [INFO]success---success结果一致
[2020-10-05 21:09:03,306] http_request.py->send line:57 [INFO]--------------------------------[Publickey Start]-----------------------------
[2020-10-05 21:09:03,307] http_request.py->send line:58 [INFO][URl: ]https://api.usite.online:83/wujiang/dev/api/v2/parking/app/v1/auth/publicKey/ohURa5IyyvhXBw89X73HPTcJwEAY
[2020-10-05 21:09:03,307] http_request.py->send line:59 [INFO][Request Header: ]{"Content-Type": "application/json"}
[2020-10-05 21:09:03,407] http_request.py->send line:63 [INFO]{"code":200,"data":"8b66ce46b8c602f3c3da8bcac9303484","success":true,"message":"success"}
[2020-10-05 21:09:03,407] http_request.py->send line:64 [INFO]200
[2020-10-05 21:09:03,408] cheack.py->comper_str line:13 [INFO]200---200结果一致
[2020-10-05 21:09:03,408] cheack.py->comper_str line:13 [INFO]200---200结果一致
[2020-10-05 21:09:03,408] cheack.py->comper_str line:13 [INFO].*---8b66ce46b8c602f3c3da8bcac9303484结果一致
[2020-10-05 21:09:03,408] cheack.py->comper_str line:13 [INFO]True---True结果一致
[2020-10-05 21:09:03,408] cheack.py->comper_str line:13 [INFO]success---success结果一致
[2020-10-05 21:09:03,410] http_request.py->send line:57 [INFO]--------------------------------[Token Start]-----------------------------
[2020-10-05 21:09:03,410] http_request.py->send line:58 [INFO][URl: ]https://api.usite.online:83/wujiang/dev/api/v2/parking/app/v1/auth/token
[2020-10-05 21:09:03,410] http_request.py->send line:59 [INFO][Request Header: ]{"Content-Type": "application/json"}
[2020-10-05 21:09:03,489] http_request.py->send line:63 [INFO]{"code":-1,"data":null,"success":false,"message":"get token failure"}
[2020-10-05 21:09:03,490] http_request.py->send line:64 [INFO]200
[2020-10-05 21:09:03,490] cheack.py->comper_str line:13 [INFO]200---200结果一致
[2020-10-05 21:09:03,490] cheack.py->comper_str line:15 [INFO]200----1结果不一致
[2020-10-05 21:14:52,372] http_request.py->send line:56 [INFO]--------------------------------[Publickey Start]-----------------------------
[2020-10-05 21:14:52,372] http_request.py->send line:57 [INFO][URl: ]https://api.usite.online:83/wujiang/dev/api/v2/parking/app/v1/auth/publicKey/ohURa5IyyvhXBw89X73HPTcJwEAY
[2020-10-05 21:14:52,372] http_request.py->send line:58 [INFO][Request Header: ]{"Content-Type": "application/json"}
[2020-10-05 21:14:52,372] http_request.py->send line:59 [INFO][Request Body: ]""
[2020-10-05 21:14:56,574] http_request.py->send line:62 [INFO]{"code":200,"data":"be8c75ec2390de614174afe2fffed68c","success":true,"message":"success"}
[2020-10-05 21:14:56,574] http_request.py->send line:63 [INFO]200
[2020-10-05 21:14:56,575] cheack.py->comper_str line:13 [INFO]200---200结果一致
[2020-10-05 21:14:56,575] cheack.py->comper_str line:13 [INFO]200---200结果一致
[2020-10-05 21:14:56,575] cheack.py->comper_str line:13 [INFO].*---be8c75ec2390de614174afe2fffed68c结果一致
[2020-10-05 21:14:56,575] cheack.py->comper_str line:13 [INFO]True---True结果一致
[2020-10-05 21:14:56,575] cheack.py->comper_str line:13 [INFO]success---success结果一致
[2020-10-05 21:14:56,577] http_request.py->send line:56 [INFO]--------------------------------[Token Start]-----------------------------
[2020-10-05 21:14:56,577] http_request.py->send line:57 [INFO][URl: ]https://api.usite.online:83/wujiang/dev/api/v2/parking/app/v1/auth/token
[2020-10-05 21:14:56,578] http_request.py->send line:58 [INFO][Request Header: ]{"Content-Type": "application/json"}
[2020-10-05 21:18:11,603] http_request.py->send line:56 [INFO]--------------------------------[Publickey Start]-----------------------------
[2020-10-05 21:18:11,847] http_request.py->send line:57 [INFO][URl: ]https://api.usite.online:83/wujiang/dev/api/v2/parking/app/v1/auth/publicKey/ohURa5IyyvhXBw89X73HPTcJwEAY
[2020-10-05 21:18:12,067] http_request.py->send line:58 [INFO][Request Header: ]{"Content-Type": "application/json"}
[2020-10-05 21:18:35,538] http_request.py->send line:61 [INFO]{"code":200,"data":"0cfb01eef3d298d53833f29c3f4294d0","success":true,"message":"success"}
[2020-10-05 21:18:36,074] http_request.py->send line:62 [INFO]200
[2020-10-05 21:18:37,809] cheack.py->comper_str line:13 [INFO]200---200结果一致
[2020-10-05 21:18:37,811] cheack.py->comper_str line:13 [INFO]200---200结果一致
[2020-10-05 21:18:37,813] cheack.py->comper_str line:13 [INFO].*---0cfb01eef3d298d53833f29c3f4294d0结果一致
[2020-10-05 21:18:37,816] cheack.py->comper_str line:13 [INFO]True---True结果一致
[2020-10-05 21:18:37,821] cheack.py->comper_str line:13 [INFO]success---success结果一致
[2020-10-05 21:21:19,301] http_request.py->send line:56 [INFO]--------------------------------[Publickey Start]-----------------------------
[2020-10-05 21:21:19,302] http_request.py->send line:57 [INFO][URl: ]https://api.usite.online:83/wujiang/dev/api/v2/parking/app/v1/auth/publicKey/ohURa5IyyvhXBw89X73HPTcJwEAY
[2020-10-05 21:21:19,302] http_request.py->send line:58 [INFO][Request Header: ]{"Content-Type": "application/json"}
[2020-10-05 21:21:19,302] http_request.py->send line:59 [INFO][Request Body: ]
[2020-10-05 21:24:42,098] http_request.py->send line:56 [INFO]--------------------------------[Publickey Start]-----------------------------
[2020-10-05 21:24:42,098] http_request.py->send line:57 [INFO][URl: ]https://api.usite.online:83/wujiang/dev/api/v2/parking/app/v1/auth/publicKey/ohURa5IyyvhXBw89X73HPTcJwEAY
[2020-10-05 21:24:42,098] http_request.py->send line:58 [INFO][Request Header: ]{"Content-Type": "application/json"}
[2020-10-05 21:25:54,075] http_request.py->send line:56 [INFO]--------------------------------[Publickey Start]-----------------------------
[2020-10-05 21:25:54,076] http_request.py->send line:57 [INFO][URl: ]https://api.usite.online:83/wujiang/dev/api/v2/parking/app/v1/auth/publicKey/ohURa5IyyvhXBw89X73HPTcJwEAY
[2020-10-05 21:25:54,076] http_request.py->send line:58 [INFO][Request Header: ]{"Content-Type": "application/json"}
[2020-10-05 21:26:33,710] http_request.py->send line:62 [INFO][Response Status_Code: ]200
[2020-10-05 21:26:33,711] http_request.py->send line:63 [INFO][Response Text: ]{"code":200,"data":"b720094d7941cceaa70b353ca0571f56","success":true,"message":"success"}
[2020-10-05 21:26:33,711] cheack.py->comper_str line:13 [INFO]200---200结果一致
[2020-10-05 21:26:33,711] cheack.py->comper_str line:13 [INFO]200---200结果一致
[2020-10-05 21:26:33,711] cheack.py->comper_str line:13 [INFO].*---b720094d7941cceaa70b353ca0571f56结果一致
[2020-10-05 21:26:33,711] cheack.py->comper_str line:13 [INFO]True---True结果一致
[2020-10-05 21:26:33,711] cheack.py->comper_str line:13 [INFO]success---success结果一致
[2020-10-05 21:26:33,713] http_request.py->send line:56 [INFO]--------------------------------[Token Start]-----------------------------
[2020-10-05 21:26:33,714] http_request.py->send line:57 [INFO][URl: ]https://api.usite.online:83/wujiang/dev/api/v2/parking/app/v1/auth/token
[2020-10-05 21:26:33,714] http_request.py->send line:58 [INFO][Request Header: ]{"Content-Type": "application/json"}
[2020-10-05 21:26:38,392] http_request.py->send line:62 [INFO][Response Status_Code: ]200
[2020-10-05 21:26:38,393] http_request.py->send line:63 [INFO][Response Text: ]{"code":-1,"data":null,"success":false,"message":"get token failure"}
[2020-10-05 21:26:38,393] cheack.py->comper_str line:13 [INFO]200---200结果一致
[2020-10-05 21:26:38,393] cheack.py->comper_str line:15 [INFO]200----1结果不一致
[2020-10-05 21:31:20,232] http_request.py->send line:56 [INFO]--------------------------------[Publickey Start]-----------------------------
[2020-10-05 21:31:20,233] http_request.py->send line:57 [INFO][URl: ]https://api.usite.online:83/wujiang/dev/api/v2/parking/app/v1/auth/publicKey/ohURa5IyyvhXBw89X73HPTcJwEAY
[2020-10-05 21:31:20,233] http_request.py->send line:58 [INFO][Request Header: ]{"Content-Type": "application/json"}
[2020-10-05 21:31:20,233] http_request.py->send line:59 [INFO][Request Body: ]{}
[2020-10-05 21:31:21,311] http_request.py->send line:62 [INFO][Response Status_Code: ]200
[2020-10-05 21:31:21,311] http_request.py->send line:63 [INFO][Response Text: ]{"code":200,"data":"0f6130caf04b70a7fa33af8f7559d15b","success":true,"message":"success"}
[2020-10-05 21:31:21,311] cheack.py->comper_str line:13 [INFO]200---200结果一致
[2020-10-05 21:31:21,312] cheack.py->comper_str line:13 [INFO]200---200结果一致
[2020-10-05 21:31:21,312] cheack.py->comper_str line:13 [INFO].*---0f6130caf04b70a7fa33af8f7559d15b结果一致
[2020-10-05 21:31:21,312] cheack.py->comper_str line:13 [INFO]True---True结果一致
[2020-10-05 21:31:21,312] cheack.py->comper_str line:13 [INFO]success---success结果一致
[2020-10-05 21:31:21,315] http_request.py->send line:56 [INFO]--------------------------------[Token Start]-----------------------------
[2020-10-05 21:31:21,315] http_request.py->send line:57 [INFO][URl: ]https://api.usite.online:83/wujiang/dev/api/v2/parking/app/v1/auth/token
[2020-10-05 21:31:21,315] http_request.py->send line:58 [INFO][Request Header: ]{"Content-Type": "application/json"}
[2020-10-05 21:31:21,316] http_request.py->send line:59 [INFO][Request Body: ]{"username": "ohURa5IyyvhXBw89X73HPTcJwEAY", "publicKey": "0f6130caf04b70a7fa33af8f7559d15b", "type": 1}
[2020-10-05 21:31:22,288] http_request.py->send line:62 [INFO][Response Status_Code: ]200
[2020-10-05 21:31:22,289] http_request.py->send line:63 [INFO][Response Text: ]{"code":-1,"data":null,"success":false,"message":"get token failure"}
[2020-10-05 21:31:22,289] cheack.py->comper_str line:13 [INFO]200---200结果一致
[2020-10-05 21:31:22,290] cheack.py->comper_str line:15 [INFO]200----1结果不一致
[2020-10-06 22:26:44,151] http_request.py->send line:56 [INFO]--------------------------------[Publickey Start]-----------------------------
[2020-10-06 22:26:44,171] http_request.py->send line:57 [INFO][URl: ]https://api.usite.online:83/wujiang/dev/api/v2/parking/app/v1/auth/publicKey/ohURa5IyyvhXBw89X73HPTcJwEAY
[2020-10-06 22:26:44,171] http_request.py->send line:58 [INFO][Request Header: ]{"Content-Type": "application/json"}
[2020-10-06 22:26:44,171] http_request.py->send line:59 [INFO][Request Body: ]{}
[2020-10-06 22:26:44,348] http_request.py->send line:64 [INFO][Response Status_Code: ]200
[2020-10-06 22:26:44,348] http_request.py->send line:65 [INFO][Response Text: ]{"code":200,"data":"7e6d5e15302ed3cf4c3a3b37aa6b32f3","success":true,"message":"success"}
[2020-10-06 22:26:44,350] cheack.py->comper_str line:13 [INFO]200---200结果一致
[2020-10-06 22:26:44,350] cheack.py->comper_str line:13 [INFO]200---200结果一致
[2020-10-06 22:26:44,350] cheack.py->comper_str line:13 [INFO].*---7e6d5e15302ed3cf4c3a3b37aa6b32f3结果一致
[2020-10-06 22:26:44,351] cheack.py->comper_str line:13 [INFO]True---True结果一致
[2020-10-06 22:26:44,351] cheack.py->comper_str line:13 [INFO]success---success结果一致
[2020-10-06 22:26:44,353] http_request.py->send line:56 [INFO]--------------------------------[Token Start]-----------------------------
[2020-10-06 22:26:44,353] http_request.py->send line:57 [INFO][URl: ]https://api.usite.online:83/wujiang/dev/api/v2/parking/app/v1/auth/token
[2020-10-06 22:26:44,372] http_request.py->send line:58 [INFO][Request Header: ]{"Content-Type": "application/json"}
[2020-10-06 22:26:44,372] http_request.py->send line:59 [INFO][Request Body: ]{"username": "ohURa5IyyvhXBw89X73HPTcJwEAY", "publicKey": "7e6d5e15302ed3cf4c3a3b37aa6b32f3", "type": 1}
[2020-10-06 22:26:44,454] http_request.py->send line:64 [INFO][Response Status_Code: ]200
[2020-10-06 22:26:44,454] http_request.py->send line:65 [INFO][Response Text: ]{"code":-1,"data":null,"success":false,"message":"get token failure"}
[2020-10-06 22:26:44,455] cheack.py->comper_str line:13 [INFO]200---200结果一致
[2020-10-06 22:26:44,455] cheack.py->comper_str line:15 [INFO]200----1结果不一致
[2020-10-06 22:26:44,828] http_request.py->send line:56 [INFO]--------------------------------[Publickey Start]-----------------------------
[2020-10-06 22:26:44,828] http_request.py->send line:57 [INFO][URl: ]https://api.usite.online:83/wujiang/dev/api/v2/parking/app/v1/auth/publicKey/ohURa5IyyvhXBw89X73HPTcJwEAY
[2020-10-06 22:26:44,828] http_request.py->send line:58 [INFO][Request Header: ]{"Content-Type": "application/json"}
[2020-10-06 22:26:44,828] http_request.py->send line:59 [INFO][Request Body: ]{}
[2020-10-06 22:26:44,921] http_request.py->send line:64 [INFO][Response Status_Code: ]200
[2020-10-06 22:26:44,921] http_request.py->send line:65 [INFO][Response Text: ]{"code":200,"data":"7e6d5e15302ed3cf4c3a3b37aa6b32f3","success":true,"message":"success"}
[2020-10-06 22:26:44,921] cheack.py->comper_str line:13 [INFO]200---200结果一致
[2020-10-06 22:26:44,923] cheack.py->comper_str line:13 [INFO]200---200结果一致
[2020-10-06 22:26:44,923] cheack.py->comper_str line:13 [INFO].*---7e6d5e15302ed3cf4c3a3b37aa6b32f3结果一致
[2020-10-06 22:26:44,923] cheack.py->comper_str line:13 [INFO]True---True结果一致
[2020-10-06 22:26:44,923] cheack.py->comper_str line:13 [INFO]success---success结果一致
[2020-10-06 22:26:44,926] http_request.py->send line:56 [INFO]--------------------------------[Token Start]-----------------------------
[2020-10-06 22:26:44,926] http_request.py->send line:57 [INFO][URl: ]https://api.usite.online:83/wujiang/dev/api/v2/parking/app/v1/auth/token
[2020-10-06 22:26:44,926] http_request.py->send line:58 [INFO][Request Header: ]{"Content-Type": "application/json"}
[2020-10-06 22:26:44,926] http_request.py->send line:59 [INFO][Request Body: ]{"username": "ohURa5IyyvhXBw89X73HPTcJwEAY", "publicKey": "7e6d5e15302ed3cf4c3a3b37aa6b32f3", "type": 1}
[2020-10-06 22:26:45,003] http_request.py->send line:64 [INFO][Response Status_Code: ]200
[2020-10-06 22:26:45,003] http_request.py->send line:65 [INFO][Response Text: ]{"code":-1,"data":null,"success":false,"message":"get token failure"}
[2020-10-06 22:26:45,003] cheack.py->comper_str line:13 [INFO]200---200结果一致
[2020-10-06 22:26:45,003] cheack.py->comper_str line:15 [INFO]200----1结果不一致
[2020-10-06 22:27:31,483] http_request.py->send line:56 [INFO]--------------------------------[Register Start]-----------------------------
[2020-10-06 22:27:31,484] http_request.py->send line:57 [INFO][URl: ]https://api.usite.online:83/wujiang/dev/api/v2/parking/account/register
[2020-10-06 22:27:31,484] http_request.py->send line:58 [INFO][Request Header: ]{"Content-Type": "application/json"}
[2020-10-06 22:27:31,484] http_request.py->send line:59 [INFO][Request Body: ]{"nickName": "\u6211\u53eb\u674e\u72d7\u86cb", "gender": 2, "language": "zh_CN", "city": "\u6c88\u9633", "province": "\u8fbd\u5b81", "country": "\u4e2d\u56fd", "avatarUrl": "https://thirdwx.qlogo.cn/mmopen/vi_32/Q0j4TwGTfTKUA1Nles5pr4qSYwcwcFqjFKNxWPrA8luJYdWXB4ub9YB0OD5sNJD7mkHpcnPRK45BnXtVen51DQ/132", "openId": "ohURa5IyyvhXBw89X73HPTcJwEAY"}
[2020-10-06 22:27:31,631] http_request.py->send line:64 [INFO][Response Status_Code: ]200
[2020-10-06 22:27:31,635] http_request.py->send line:65 [INFO][Response Text: ]{"code":500,"data":null,"success":false,"message":"账户已存在"}
[2020-10-06 22:27:31,635] cheack.py->comper_str line:13 [INFO]200---200结果一致
[2020-10-06 22:27:31,636] cheack.py->comper_str line:15 [INFO]200---500结果不一致
[2020-10-06 22:27:43,366] http_request.py->send line:56 [INFO]--------------------------------[Publickey Start]-----------------------------
[2020-10-06 22:27:43,368] http_request.py->send line:57 [INFO][URl: ]https://api.usite.online:83/wujiang/dev/api/v2/parking/app/v1/auth/publicKey/ohURa5IyyvhXBw89X73HPTcJwEAY
[2020-10-06 22:27:43,368] http_request.py->send line:58 [INFO][Request Header: ]{"Content-Type": "application/json"}
[2020-10-06 22:27:43,368] http_request.py->send line:59 [INFO][Request Body: ]{}
[2020-10-06 22:27:43,470] http_request.py->send line:64 [INFO][Response Status_Code: ]200
[2020-10-06 22:27:43,470] http_request.py->send line:65 [INFO][Response Text: ]{"code":200,"data":"d0f70e38d7662cbf5f919f819de67e0b","success":true,"message":"success"}
[2020-10-06 22:27:43,471] cheack.py->comper_str line:13 [INFO]200---200结果一致
[2020-10-06 22:27:43,471] cheack.py->comper_str line:13 [INFO]200---200结果一致
[2020-10-06 22:27:43,471] cheack.py->comper_str line:13 [INFO].*---d0f70e38d7662cbf5f919f819de67e0b结果一致
[2020-10-06 22:27:43,473] cheack.py->comper_str line:13 [INFO]True---True结果一致
[2020-10-06 22:27:43,473] cheack.py->comper_str line:13 [INFO]success---success结果一致
[2020-10-06 22:27:43,475] http_request.py->send line:56 [INFO]--------------------------------[Token Start]-----------------------------
[2020-10-06 22:27:43,476] http_request.py->send line:57 [INFO][URl: ]https://api.usite.online:83/wujiang/dev/api/v2/parking/app/v1/auth/token
[2020-10-06 22:27:43,476] http_request.py->send line:58 [INFO][Request Header: ]{"Content-Type": "application/json"}
[2020-10-06 22:27:43,476] http_request.py->send line:59 [INFO][Request Body: ]{"username": "ohURa5IyyvhXBw89X73HPTcJwEAY", "publicKey": "d0f70e38d7662cbf5f919f819de67e0b", "type": 1}
[2020-10-06 22:27:43,552] http_request.py->send line:64 [INFO][Response Status_Code: ]200
[2020-10-06 22:27:43,553] http_request.py->send line:65 [INFO][Response Text: ]{"code":-1,"data":null,"success":false,"message":"get token failure"}
[2020-10-06 22:27:43,553] cheack.py->comper_str line:13 [INFO]200---200结果一致
[2020-10-06 22:27:43,555] cheack.py->comper_str line:15 [INFO]200----1结果不一致
[2020-10-06 22:27:43,904] http_request.py->send line:56 [INFO]--------------------------------[Publickey Start]-----------------------------
[2020-10-06 22:27:43,904] http_request.py->send line:57 [INFO][URl: ]https://api.usite.online:83/wujiang/dev/api/v2/parking/app/v1/auth/publicKey/ohURa5IyyvhXBw89X73HPTcJwEAY
[2020-10-06 22:27:43,904] http_request.py->send line:58 [INFO][Request Header: ]{"Content-Type": "application/json"}
[2020-10-06 22:27:43,904] http_request.py->send line:59 [INFO][Request Body: ]{}
[2020-10-06 22:27:43,987] http_request.py->send line:64 [INFO][Response Status_Code: ]200
[2020-10-06 22:27:43,987] http_request.py->send line:65 [INFO][Response Text: ]{"code":200,"data":"d0f70e38d7662cbf5f919f819de67e0b","success":true,"message":"success"}
[2020-10-06 22:27:43,988] cheack.py->comper_str line:13 [INFO]200---200结果一致
[2020-10-06 22:27:43,988] cheack.py->comper_str line:13 [INFO]200---200结果一致
[2020-10-06 22:27:43,988] cheack.py->comper_str line:13 [INFO].*---d0f70e38d7662cbf5f919f819de67e0b结果一致
[2020-10-06 22:27:43,988] cheack.py->comper_str line:13 [INFO]True---True结果一致
[2020-10-06 22:27:43,988] cheack.py->comper_str line:13 [INFO]success---success结果一致
[2020-10-06 22:27:43,993] http_request.py->send line:56 [INFO]--------------------------------[Token Start]-----------------------------
[2020-10-06 22:27:43,993] http_request.py->send line:57 [INFO][URl: ]https://api.usite.online:83/wujiang/dev/api/v2/parking/app/v1/auth/token
[2020-10-06 22:27:43,993] http_request.py->send line:58 [INFO][Request Header: ]{"Content-Type": "application/json"}
[2020-10-06 22:27:43,993] http_request.py->send line:59 [INFO][Request Body: ]{"username": "ohURa5IyyvhXBw89X73HPTcJwEAY", "publicKey": "d0f70e38d7662cbf5f919f819de67e0b", "type": 1}
[2020-10-06 22:27:44,076] http_request.py->send line:64 [INFO][Response Status_Code: ]200
[2020-10-06 22:27:44,078] http_request.py->send line:65 [INFO][Response Text: ]{"code":-1,"data":null,"success":false,"message":"get token failure"}
[2020-10-06 22:27:44,078] cheack.py->comper_str line:13 [INFO]200---200结果一致
[2020-10-06 22:27:44,078] cheack.py->comper_str line:15 [INFO]200----1结果不一致
[2020-10-07 23:10:37,698] http_request.py->send line:56 [INFO]--------------------------------[Publickey Start]-----------------------------
[2020-10-07 23:10:37,698] http_request.py->send line:57 [INFO][URl: ]https://api.usite.online:83/wujiang/dev/api/v2/parking/app/v1/auth/publicKey/ohURa5IyyvhXBw89X73HPTcJwEAY
[2020-10-07 23:10:37,698] http_request.py->send line:58 [INFO][Request Header: ]{"Content-Type": "application/json"}
[2020-10-07 23:10:37,699] http_request.py->send line:59 [INFO][Request Body: ]{}
[2020-10-07 23:10:37,963] http_request.py->send line:64 [INFO][Response Status_Code: ]200
[2020-10-07 23:10:37,964] http_request.py->send line:65 [INFO][Response Text: ]{"code":200,"data":"173ab2167bb822ab86e9820a331ce094","success":true,"message":"success"}
[2020-10-07 23:10:37,964] cheack.py->comper_str line:13 [INFO]200---200结果一致
[2020-10-07 23:10:37,964] cheack.py->comper_str line:13 [INFO]200---200结果一致
[2020-10-07 23:10:37,964] cheack.py->comper_str line:13 [INFO].*---173ab2167bb822ab86e9820a331ce094结果一致
[2020-10-07 23:10:37,964] cheack.py->comper_str line:13 [INFO]True---True结果一致
[2020-10-07 23:10:37,965] cheack.py->comper_str line:13 [INFO]success---success结果一致
[2020-10-07 23:10:37,966] http_request.py->send line:56 [INFO]--------------------------------[Token Start]-----------------------------
[2020-10-07 23:10:37,966] http_request.py->send line:57 [INFO][URl: ]https://api.usite.online:83/wujiang/dev/api/v2/parking/app/v1/auth/token
[2020-10-07 23:10:37,966] http_request.py->send line:58 [INFO][Request Header: ]{"Content-Type": "application/json"}
[2020-10-07 23:10:37,967] http_request.py->send line:59 [INFO][Request Body: ]{"username": "ohURa5IyyvhXBw89X73HPTcJwEAY", "publicKey": "173ab2167bb822ab86e9820a331ce094", "type": 1}
[2020-10-07 23:10:38,035] http_request.py->send line:64 [INFO][Response Status_Code: ]200
[2020-10-07 23:10:38,035] http_request.py->send line:65 [INFO][Response Text: ]{"code":-1,"data":null,"success":false,"message":"get token failure"}
[2020-10-07 23:10:38,035] cheack.py->comper_str line:13 [INFO]200---200结果一致
[2020-10-07 23:10:38,036] cheack.py->comper_str line:15 [INFO]200----1结果不一致
[2020-10-07 23:10:38,221] http_request.py->send line:56 [INFO]--------------------------------[Publickey Start]-----------------------------
[2020-10-07 23:10:38,222] http_request.py->send line:57 [INFO][URl: ]https://api.usite.online:83/wujiang/dev/api/v2/parking/app/v1/auth/publicKey/ohURa5IyyvhXBw89X73HPTcJwEAY
[2020-10-07 23:10:38,222] http_request.py->send line:58 [INFO][Request Header: ]{"Content-Type": "application/json"}
[2020-10-07 23:10:38,222] http_request.py->send line:59 [INFO][Request Body: ]{}
[2020-10-07 23:10:38,301] http_request.py->send line:64 [INFO][Response Status_Code: ]200
[2020-10-07 23:10:38,301] http_request.py->send line:65 [INFO][Response Text: ]{"code":200,"data":"173ab2167bb822ab86e9820a331ce094","success":true,"message":"success"}
[2020-10-07 23:10:38,301] cheack.py->comper_str line:13 [INFO]200---200结果一致
[2020-10-07 23:10:38,301] cheack.py->comper_str line:13 [INFO]200---200结果一致
[2020-10-07 23:10:38,301] cheack.py->comper_str line:13 [INFO].*---173ab2167bb822ab86e9820a331ce094结果一致
[2020-10-07 23:10:38,301] cheack.py->comper_str line:13 [INFO]True---True结果一致
[2020-10-07 23:10:38,301] cheack.py->comper_str line:13 [INFO]success---success结果一致
[2020-10-07 23:10:38,303] http_request.py->send line:56 [INFO]--------------------------------[Token Start]-----------------------------
[2020-10-07 23:10:38,303] http_request.py->send line:57 [INFO][URl: ]https://api.usite.online:83/wujiang/dev/api/v2/parking/app/v1/auth/token
[2020-10-07 23:10:38,303] http_request.py->send line:58 [INFO][Request Header: ]{"Content-Type": "application/json"}
[2020-10-07 23:10:38,303] http_request.py->send line:59 [INFO][Request Body: ]{"username": "ohURa5IyyvhXBw89X73HPTcJwEAY", "publicKey": "173ab2167bb822ab86e9820a331ce094", "type": 1}
[2020-10-07 23:10:38,357] http_request.py->send line:64 [INFO][Response Status_Code: ]200
[2020-10-07 23:10:38,358] http_request.py->send line:65 [INFO][Response Text: ]{"code":-1,"data":null,"success":false,"message":"get token failure"}
[2020-10-07 23:10:38,358] cheack.py->comper_str line:13 [INFO]200---200结果一致
[2020-10-07 23:10:38,358] cheack.py->comper_str line:15 [INFO]200----1结果不一致
[2020-10-09 09:15:53,995] http_request.py->send line:56 [INFO]--------------------------------[Register Start]-----------------------------
[2020-10-09 09:15:54,006] http_request.py->send line:57 [INFO][URl: ]https://api.usite.online:83/wujiang/dev/api/v2/parking/account/register
[2020-10-09 09:15:54,006] http_request.py->send line:58 [INFO][Request Header: ]{"Content-Type": "application/json"}
[2020-10-09 09:15:54,006] http_request.py->send line:59 [INFO][Request Body: ]{"nickName": "\u6211\u53eb\u674e\u72d7\u86cb", "gender": 2, "language": "zh_CN", "city": "\u6c88\u9633", "province": "\u8fbd\u5b81", "country": "\u4e2d\u56fd", "avatarUrl": "https://thirdwx.qlogo.cn/mmopen/vi_32/Q0j4TwGTfTKUA1Nles5pr4qSYwcwcFqjFKNxWPrA8luJYdWXB4ub9YB0OD5sNJD7mkHpcnPRK45BnXtVen51DQ/132", "openId": "ohURa5IyyvhXBw89X73HPTcJwEAY"}
[2020-10-09 09:20:43,276] http_request.py->send line:56 [INFO]--------------------------------[Register Start]-----------------------------
[2020-10-09 09:20:43,276] http_request.py->send line:57 [INFO][URl: ]https://api.usite.online:83/wujiang/dev/api/v2/parking/account/register
[2020-10-09 09:20:43,276] http_request.py->send line:58 [INFO][Request Header: ]{"Content-Type": "application/json"}
[2020-10-09 09:20:43,277] http_request.py->send line:59 [INFO][Request Body: ]{"nickName": "\u6211\u53eb\u674e\u72d7\u86cb", "gender": 2, "language": "zh_CN", "city": "\u6c88\u9633", "province": "\u8fbd\u5b81", "country": "\u4e2d\u56fd", "avatarUrl": "https://thirdwx.qlogo.cn/mmopen/vi_32/Q0j4TwGTfTKUA1Nles5pr4qSYwcwcFqjFKNxWPrA8luJYdWXB4ub9YB0OD5sNJD7mkHpcnPRK45BnXtVen51DQ/132", "openId": "ohURa5IyyvhXBw89X73HPTcJwEAY"}
[2020-10-09 09:20:43,407] http_request.py->send line:64 [INFO][Response Status_Code: ]200
[2020-10-09 09:20:43,415] http_request.py->send line:65 [INFO][Response Text: ]{"code":200,"data":"157771","success":true,"message":"注册成功"}
[2020-10-09 09:20:43,416] cheack.py->comper_str line:13 [INFO]200---200结果一致
[2020-10-09 09:20:43,416] cheack.py->comper_str line:13 [INFO]200---200结果一致
[2020-10-09 09:20:43,417] cheack.py->comper_str line:13 [INFO].*---157771结果一致
[2020-10-09 09:20:43,417] cheack.py->comper_str line:13 [INFO]True---True结果一致
[2020-10-09 09:20:43,418] cheack.py->comper_str line:13 [INFO]注册成功---注册成功结果一致
[2020-10-09 09:21:15,177] http_request.py->send line:56 [INFO]--------------------------------[Publickey Start]-----------------------------
[2020-10-09 09:21:15,178] http_request.py->send line:57 [INFO][URl: ]https://api.usite.online:83/wujiang/dev/api/v2/parking/app/v1/auth/publicKey/ohURa5IyyvhXBw89X73HPTcJwEAY
[2020-10-09 09:21:15,178] http_request.py->send line:58 [INFO][Request Header: ]{"Content-Type": "application/json"}
[2020-10-09 09:21:15,178] http_request.py->send line:59 [INFO][Request Body: ]{}
[2020-10-09 09:21:15,247] http_request.py->send line:64 [INFO][Response Status_Code: ]200
[2020-10-09 09:21:15,248] http_request.py->send line:65 [INFO][Response Text: ]{"code":200,"data":"9b45090ad91d5cb43f5325773a09dfaa","success":true,"message":"success"}
[2020-10-09 09:21:15,248] cheack.py->comper_str line:13 [INFO]200---200结果一致
[2020-10-09 09:21:15,259] cheack.py->comper_str line:13 [INFO]200---200结果一致
[2020-10-09 09:21:15,260] cheack.py->comper_str line:13 [INFO].*---9b45090ad91d5cb43f5325773a09dfaa结果一致
[2020-10-09 09:21:15,260] cheack.py->comper_str line:13 [INFO]True---True结果一致
[2020-10-09 09:21:15,260] cheack.py->comper_str line:13 [INFO]success---success结果一致
[2020-10-09 09:21:15,262] http_request.py->send line:56 [INFO]--------------------------------[Token Start]-----------------------------
[2020-10-09 09:21:15,262] http_request.py->send line:57 [INFO][URl: ]https://api.usite.online:83/wujiang/dev/api/v2/parking/app/v1/auth/token
[2020-10-09 09:21:15,262] http_request.py->send line:58 [INFO][Request Header: ]{"Content-Type": "application/json"}
[2020-10-09 09:21:15,262] http_request.py->send line:59 [INFO][Request Body: ]{"username": "ohURa5IyyvhXBw89X73HPTcJwEAY", "publicKey": "9b45090ad91d5cb43f5325773a09dfaa", "type": 1}
[2020-10-09 09:21:15,308] http_request.py->send line:64 [INFO][Response Status_Code: ]200
[2020-10-09 09:21:15,308] http_request.py->send line:65 [INFO][Response Text: ]{"code":200,"data":{"expirationTime":"2020-10-10 09:21:13","token":"eyJhbGciOiJIUzI1NiJ9.eyJzdWIiOiJ1c2VyIiwidXNlcm5hbWUiOiJvaFVSYTVJeXl2aFhCdzg5WDczSFBUY0p3RUFZIiwicGFzc3dvcmQiOiI1QjcxdTFYVjhXQkZHaVNnIiwidHlwZSI6IjEiLCJpYXQiOjE2MDIyMDY0NzMsImV4cCI6MTYwMjI5Mjg3M30.qIrFzrtkiW-HBxiwp6s3Aa5ylq36uqgxS932y12gf8c"},"success":true,"message":"success"}
[2020-10-09 09:21:15,309] cheack.py->comper_str line:13 [INFO]200---200结果一致
[2020-10-09 09:21:15,309] cheack.py->comper_str line:13 [INFO]200---200结果一致
[2020-10-09 09:21:15,309] cheack.py->comper_str line:13 [INFO].*---2020-10-10 09:21:13结果一致
[2020-10-09 09:21:15,309] cheack.py->comper_str line:13 [INFO].*---eyJhbGciOiJIUzI1NiJ9.eyJzdWIiOiJ1c2VyIiwidXNlcm5hbWUiOiJvaFVSYTVJeXl2aFhCdzg5WDczSFBUY0p3RUFZIiwicGFzc3dvcmQiOiI1QjcxdTFYVjhXQkZHaVNnIiwidHlwZSI6IjEiLCJpYXQiOjE2MDIyMDY0NzMsImV4cCI6MTYwMjI5Mjg3M30.qIrFzrtkiW-HBxiwp6s3Aa5ylq36uqgxS932y12gf8c结果一致
[2020-10-09 09:21:15,309] cheack.py->comper_str line:13 [INFO]True---True结果一致
[2020-10-09 09:21:15,309] cheack.py->comper_str line:13 [INFO]success---success结果一致
[2020-10-09 09:21:15,310] http_request.py->send line:56 [INFO]--------------------------------[GetParkingPayBase Start]-----------------------------
[2020-10-09 09:21:15,310] http_request.py->send line:57 [INFO][URl: ]https://api.usite.online:83/wujiang/dev/api/v2/parking/order/getParkingPayBase/1/001/苏EL16F0/ohURa5IyyvhXBw89X73HPTcJwEAY
[2020-10-09 09:21:15,310] http_request.py->send line:58 [INFO][Request Header: ]{"Content-Type": "application/json", "token": "eyJhbGciOiJIUzI1NiJ9.eyJzdWIiOiJ1c2VyIiwidXNlcm5hbWUiOiJvaFVSYTVJeXl2aFhCdzg5WDczSFBUY0p3RUFZIiwicGFzc3dvcmQiOiI1QjcxdTFYVjhXQkZHaVNnIiwidHlwZSI6IjEiLCJpYXQiOjE2MDIyMDY0NzMsImV4cCI6MTYwMjI5Mjg3M30.qIrFzrtkiW-HBxiwp6s3Aa5ylq36uqgxS932y12gf8c"}
[2020-10-09 09:21:15,310] http_request.py->send line:59 [INFO][Request Body: ]{}
[2020-10-09 09:21:15,367] http_request.py->send line:64 [INFO][Response Status_Code: ]200
[2020-10-09 09:21:15,371] http_request.py->send line:65 [INFO][Response Text: ]{"code":200,"data":{"carPlateNo":"苏EL16F0","carPlateColor":"001","parkingCode":"PR010072","parkingName":"人民广场P+R停车场","parkingType":"002","orderNo":null,"inTime":"2020-09-29 08:57:07","parkingDuration":null,"orderAmount":null,"payAmount":null,"orderDetail":null,"couponAccount":null,"merchantExpenses":null,"userType":null,"allowSettleAllFee":null,"payStatus":"000"},"success":true,"message":"停车缴费信息"}
[2020-10-09 09:21:15,371] cheack.py->comper_str line:13 [INFO]200---200结果一致
[2020-10-09 09:21:15,371] cheack.py->comper_str line:13 [INFO]200---200结果一致
[2020-10-09 09:21:15,372] cheack.py->comper_str line:13 [INFO]苏EL16F0---苏EL16F0结果一致
[2020-10-09 09:21:15,372] cheack.py->comper_str line:13 [INFO]001---001结果一致
[2020-10-09 09:21:15,372] cheack.py->comper_str line:13 [INFO]PR010072---PR010072结果一致
[2020-10-09 09:21:15,372] cheack.py->comper_str line:13 [INFO].*---人民广场P+R停车场结果一致
[2020-10-09 09:21:15,372] cheack.py->comper_str line:13 [INFO]002---002结果一致
[2020-10-09 09:21:15,372] cheack.py->comper_str line:13 [INFO]---None结果一致
[2020-10-09 09:21:15,372] cheack.py->comper_str line:13 [INFO]2020-09-29 08:57:07---2020-09-29 08:57:07结果一致
[2020-10-09 09:21:15,372] cheack.py->comper_str line:13 [INFO]---None结果一致
[2020-10-09 09:21:15,373] cheack.py->comper_str line:13 [INFO]---None结果一致
[2020-10-09 09:21:15,373] cheack.py->comper_str line:13 [INFO]---None结果一致
[2020-10-09 09:21:15,373] cheack.py->comper_str line:13 [INFO]---None结果一致
[2020-10-09 09:21:15,373] cheack.py->comper_str line:13 [INFO]---None结果一致
[2020-10-09 09:21:15,373] cheack.py->comper_str line:13 [INFO]---None结果一致
[2020-10-09 09:21:15,373] cheack.py->comper_str line:13 [INFO]---None结果一致
[2020-10-09 09:21:15,373] cheack.py->comper_str line:13 [INFO]---None结果一致
[2020-10-09 09:21:15,373] cheack.py->comper_str line:13 [INFO]000---000结果一致
[2020-10-09 09:21:15,373] cheack.py->comper_str line:13 [INFO]True---True结果一致
[2020-10-09 09:21:15,373] cheack.py->comper_str line:13 [INFO]停车缴费信息---停车缴费信息结果一致
[2020-10-09 09:21:15,382] http_request.py->send line:56 [INFO]--------------------------------[Publickey Start]-----------------------------
[2020-10-09 09:21:15,382] http_request.py->send line:57 [INFO][URl: ]https://api.usite.online:83/wujiang/dev/api/v2/parking/app/v1/auth/publicKey/ohURa5IyyvhXBw89X73HPTcJwEAY
[2020-10-09 09:21:15,382] http_request.py->send line:58 [INFO][Request Header: ]{"Content-Type": "application/json"}
[2020-10-09 09:21:15,382] http_request.py->send line:59 [INFO][Request Body: ]{}
[2020-10-09 09:21:15,417] http_request.py->send line:64 [INFO][Response Status_Code: ]200
[2020-10-09 09:21:15,417] http_request.py->send line:65 [INFO][Response Text: ]{"code":200,"data":"9b45090ad91d5cb43f5325773a09dfaa","success":true,"message":"success"}
[2020-10-09 09:21:15,418] cheack.py->comper_str line:13 [INFO]200---200结果一致
[2020-10-09 09:21:15,418] cheack.py->comper_str line:13 [INFO]200---200结果一致
[2020-10-09 09:21:15,418] cheack.py->comper_str line:13 [INFO].*---9b45090ad91d5cb43f5325773a09dfaa结果一致
[2020-10-09 09:21:15,418] cheack.py->comper_str line:13 [INFO]True---True结果一致
[2020-10-09 09:21:15,418] cheack.py->comper_str line:13 [INFO]success---success结果一致
[2020-10-09 09:21:15,419] http_request.py->send line:56 [INFO]--------------------------------[Token Start]-----------------------------
[2020-10-09 09:21:15,419] http_request.py->send line:57 [INFO][URl: ]https://api.usite.online:83/wujiang/dev/api/v2/parking/app/v1/auth/token
[2020-10-09 09:21:15,420] http_request.py->send line:58 [INFO][Request Header: ]{"Content-Type": "application/json"}
[2020-10-09 09:21:15,420] http_request.py->send line:59 [INFO][Request Body: ]{"username": "ohURa5IyyvhXBw89X73HPTcJwEAY", "publicKey": "9b45090ad91d5cb43f5325773a09dfaa", "type": 1}
[2020-10-09 09:21:15,467] http_request.py->send line:64 [INFO][Response Status_Code: ]200
[2020-10-09 09:21:15,468] http_request.py->send line:65 [INFO][Response Text: ]{"code":200,"data":{"expirationTime":"2020-10-10 09:21:14","token":"eyJhbGciOiJIUzI1NiJ9.eyJzdWIiOiJ1c2VyIiwidXNlcm5hbWUiOiJvaFVSYTVJeXl2aFhCdzg5WDczSFBUY0p3RUFZIiwicGFzc3dvcmQiOiI1QjcxdTFYVjhXQkZHaVNnIiwidHlwZSI6IjEiLCJpYXQiOjE2MDIyMDY0NzQsImV4cCI6MTYwMjI5Mjg3NH0.QKPipQSR8Q6Woewp2kj33KOnkWx3NGfvuR-ZfAvDJhM"},"success":true,"message":"success"}
[2020-10-09 09:21:15,468] cheack.py->comper_str line:13 [INFO]200---200结果一致
[2020-10-09 09:21:15,468] cheack.py->comper_str line:13 [INFO]200---200结果一致
[2020-10-09 09:21:15,468] cheack.py->comper_str line:13 [INFO].*---2020-10-10 09:21:14结果一致
[2020-10-09 09:21:15,468] cheack.py->comper_str line:13 [INFO].*---eyJhbGciOiJIUzI1NiJ9.eyJzdWIiOiJ1c2VyIiwidXNlcm5hbWUiOiJvaFVSYTVJeXl2aFhCdzg5WDczSFBUY0p3RUFZIiwicGFzc3dvcmQiOiI1QjcxdTFYVjhXQkZHaVNnIiwidHlwZSI6IjEiLCJpYXQiOjE2MDIyMDY0NzQsImV4cCI6MTYwMjI5Mjg3NH0.QKPipQSR8Q6Woewp2kj33KOnkWx3NGfvuR-ZfAvDJhM结果一致
[2020-10-09 09:21:15,468] cheack.py->comper_str line:13 [INFO]True---True结果一致
[2020-10-09 09:21:15,468] cheack.py->comper_str line:13 [INFO]success---success结果一致
[2020-10-09 09:21:15,469] http_request.py->send line:56 [INFO]--------------------------------[GetParkingPayBase Start]-----------------------------
[2020-10-09 09:21:15,469] http_request.py->send line:57 [INFO][URl: ]https://api.usite.online:83/wujiang/dev/api/v2/parking/order/getParkingPayBase/1/001/苏EL16F1/ohURa5IyyvhXBw89X73HPTcJwEAY
[2020-10-09 09:21:15,469] http_request.py->send line:58 [INFO][Request Header: ]{"Content-Type": "application/json", "token": "eyJhbGciOiJIUzI1NiJ9.eyJzdWIiOiJ1c2VyIiwidXNlcm5hbWUiOiJvaFVSYTVJeXl2aFhCdzg5WDczSFBUY0p3RUFZIiwicGFzc3dvcmQiOiI1QjcxdTFYVjhXQkZHaVNnIiwidHlwZSI6IjEiLCJpYXQiOjE2MDIyMDY0NzQsImV4cCI6MTYwMjI5Mjg3NH0.QKPipQSR8Q6Woewp2kj33KOnkWx3NGfvuR-ZfAvDJhM"}
[2020-10-09 09:21:15,469] http_request.py->send line:59 [INFO][Request Body: ]{}
[2020-10-09 09:21:15,538] http_request.py->send line:64 [INFO][Response Status_Code: ]200
[2020-10-09 09:21:15,542] http_request.py->send line:65 [INFO][Response Text: ]{"code":500,"data":{"carPlateNo":"苏EL16F1","carPlateColor":"001"},"success":true,"message":"无停车缴费"}
[2020-10-09 09:21:15,542] cheack.py->comper_str line:13 [INFO]200---200结果一致
[2020-10-09 09:21:15,543] cheack.py->comper_str line:15 [INFO]200---500结果不一致
[2020-10-09 09:23:13,503] http_request.py->send line:56 [INFO]--------------------------------[Publickey Start]-----------------------------
[2020-10-09 09:23:13,504] http_request.py->send line:57 [INFO][URl: ]https://api.usite.online:83/wujiang/dev/api/v2/parking/app/v1/auth/publicKey/ohURa5IyyvhXBw89X73HPTcJwEAY
[2020-10-09 09:23:13,504] http_request.py->send line:58 [INFO][Request Header: ]{"Content-Type": "application/json"}
[2020-10-09 09:23:13,504] http_request.py->send line:59 [INFO][Request Body: ]{}
[2020-10-09 09:23:13,578] http_request.py->send line:64 [INFO][Response Status_Code: ]200
[2020-10-09 09:23:13,578] http_request.py->send line:65 [INFO][Response Text: ]{"code":200,"data":"a40111e94851e9e7b698b960d13db504","success":true,"message":"success"}
[2020-10-09 09:23:13,579] cheack.py->comper_str line:13 [INFO]200---200结果一致
[2020-10-09 09:23:13,579] cheack.py->comper_str line:13 [INFO]200---200结果一致
[2020-10-09 09:23:13,579] cheack.py->comper_str line:13 [INFO].*---a40111e94851e9e7b698b960d13db504结果一致
[2020-10-09 09:23:13,579] cheack.py->comper_str line:13 [INFO]True---True结果一致
[2020-10-09 09:23:13,579] cheack.py->comper_str line:13 [INFO]success---success结果一致
[2020-10-09 09:23:13,581] http_request.py->send line:56 [INFO]--------------------------------[Token Start]-----------------------------
[2020-10-09 09:23:13,581] http_request.py->send line:57 [INFO][URl: ]https://api.usite.online:83/wujiang/dev/api/v2/parking/app/v1/auth/token
[2020-10-09 09:23:13,581] http_request.py->send line:58 [INFO][Request Header: ]{"Content-Type": "application/json"}
[2020-10-09 09:23:13,581] http_request.py->send line:59 [INFO][Request Body: ]{"username": "ohURa5IyyvhXBw89X73HPTcJwEAY", "publicKey": "a40111e94851e9e7b698b960d13db504", "type": 1}
[2020-10-09 09:23:13,631] http_request.py->send line:64 [INFO][Response Status_Code: ]200
[2020-10-09 09:23:13,631] http_request.py->send line:65 [INFO][Response Text: ]{"code":200,"data":{"expirationTime":"2020-10-10 09:23:12","token":"eyJhbGciOiJIUzI1NiJ9.eyJzdWIiOiJ1c2VyIiwidXNlcm5hbWUiOiJvaFVSYTVJeXl2aFhCdzg5WDczSFBUY0p3RUFZIiwicGFzc3dvcmQiOiI1QjcxdTFYVjhXQkZHaVNnIiwidHlwZSI6IjEiLCJpYXQiOjE2MDIyMDY1OTIsImV4cCI6MTYwMjI5Mjk5Mn0.NgD6wy9igIkiR5OmlfhSgGWakOGLtehYzKgprBZZXN0"},"success":true,"message":"success"}
[2020-10-09 09:23:13,631] cheack.py->comper_str line:13 [INFO]200---200结果一致
[2020-10-09 09:23:13,631] cheack.py->comper_str line:13 [INFO]200---200结果一致
[2020-10-09 09:23:13,631] cheack.py->comper_str line:13 [INFO].*---2020-10-10 09:23:12结果一致
[2020-10-09 09:23:13,632] cheack.py->comper_str line:13 [INFO].*---eyJhbGciOiJIUzI1NiJ9.eyJzdWIiOiJ1c2VyIiwidXNlcm5hbWUiOiJvaFVSYTVJeXl2aFhCdzg5WDczSFBUY0p3RUFZIiwicGFzc3dvcmQiOiI1QjcxdTFYVjhXQkZHaVNnIiwidHlwZSI6IjEiLCJpYXQiOjE2MDIyMDY1OTIsImV4cCI6MTYwMjI5Mjk5Mn0.NgD6wy9igIkiR5OmlfhSgGWakOGLtehYzKgprBZZXN0结果一致
[2020-10-09 09:23:13,632] cheack.py->comper_str line:13 [INFO]True---True结果一致
[2020-10-09 09:23:13,632] cheack.py->comper_str line:13 [INFO]success---success结果一致
[2020-10-09 09:23:13,633] http_request.py->send line:56 [INFO]--------------------------------[GetParkingPayBase Start]-----------------------------
[2020-10-09 09:23:13,633] http_request.py->send line:57 [INFO][URl: ]https://api.usite.online:83/wujiang/dev/api/v2/parking/order/getParkingPayBase/1/001/苏EL16F0/ohURa5IyyvhXBw89X73HPTcJwEAY
[2020-10-09 09:23:13,633] http_request.py->send line:58 [INFO][Request Header: ]{"Content-Type": "application/json", "token": "eyJhbGciOiJIUzI1NiJ9.eyJzdWIiOiJ1c2VyIiwidXNlcm5hbWUiOiJvaFVSYTVJeXl2aFhCdzg5WDczSFBUY0p3RUFZIiwicGFzc3dvcmQiOiI1QjcxdTFYVjhXQkZHaVNnIiwidHlwZSI6IjEiLCJpYXQiOjE2MDIyMDY1OTIsImV4cCI6MTYwMjI5Mjk5Mn0.NgD6wy9igIkiR5OmlfhSgGWakOGLtehYzKgprBZZXN0"}
[2020-10-09 09:23:13,633] http_request.py->send line:59 [INFO][Request Body: ]{}
[2020-10-09 09:23:13,686] http_request.py->send line:64 [INFO][Response Status_Code: ]200
[2020-10-09 09:23:13,689] http_request.py->send line:65 [INFO][Response Text: ]{"code":200,"data":{"carPlateNo":"苏EL16F0","carPlateColor":"001","parkingCode":"PR010072","parkingName":"人民广场P+R停车场","parkingType":"002","orderNo":null,"inTime":"2020-09-29 08:57:07","parkingDuration":null,"orderAmount":null,"payAmount":null,"orderDetail":null,"couponAccount":null,"merchantExpenses":null,"userType":null,"allowSettleAllFee":null,"payStatus":"000"},"success":true,"message":"停车缴费信息"}
[2020-10-09 09:23:13,689] cheack.py->comper_str line:13 [INFO]200---200结果一致
[2020-10-09 09:23:13,689] cheack.py->comper_str line:13 [INFO]200---200结果一致
[2020-10-09 09:23:13,689] cheack.py->comper_str line:13 [INFO]苏EL16F0---苏EL16F0结果一致
[2020-10-09 09:23:13,689] cheack.py->comper_str line:13 [INFO]001---001结果一致
[2020-10-09 09:23:13,690] cheack.py->comper_str line:13 [INFO]PR010072---PR010072结果一致
[2020-10-09 09:23:13,690] cheack.py->comper_str line:13 [INFO].*---人民广场P+R停车场结果一致
[2020-10-09 09:23:13,690] cheack.py->comper_str line:13 [INFO]002---002结果一致
[2020-10-09 09:23:13,690] cheack.py->comper_str line:13 [INFO]---None结果一致
[2020-10-09 09:23:13,690] cheack.py->comper_str line:13 [INFO]2020-09-29 08:57:07---2020-09-29 08:57:07结果一致
[2020-10-09 09:23:13,690] cheack.py->comper_str line:13 [INFO]---None结果一致
[2020-10-09 09:23:13,690] cheack.py->comper_str line:13 [INFO]---None结果一致
[2020-10-09 09:23:13,690] cheack.py->comper_str line:13 [INFO]---None结果一致
[2020-10-09 09:23:13,690] cheack.py->comper_str line:13 [INFO]---None结果一致
[2020-10-09 09:23:13,691] cheack.py->comper_str line:13 [INFO]---None结果一致
[2020-10-09 09:23:13,691] cheack.py->comper_str line:13 [INFO]---None结果一致
[2020-10-09 09:23:13,691] cheack.py->comper_str line:13 [INFO]---None结果一致
[2020-10-09 09:23:13,691] cheack.py->comper_str line:13 [INFO]---None结果一致
[2020-10-09 09:23:13,691] cheack.py->comper_str line:13 [INFO]000---000结果一致
[2020-10-09 09:23:13,691] cheack.py->comper_str line:13 [INFO]True---True结果一致
[2020-10-09 09:23:13,691] cheack.py->comper_str line:13 [INFO]停车缴费信息---停车缴费信息结果一致
[2020-10-09 09:23:13,704] http_request.py->send line:56 [INFO]--------------------------------[Publickey Start]-----------------------------
[2020-10-09 09:23:13,705] http_request.py->send line:57 [INFO][URl: ]https://api.usite.online:83/wujiang/dev/api/v2/parking/app/v1/auth/publicKey/ohURa5IyyvhXBw89X73HPTcJwEAY
[2020-10-09 09:23:13,705] http_request.py->send line:58 [INFO][Request Header: ]{"Content-Type": "application/json"}
[2020-10-09 09:23:13,705] http_request.py->send line:59 [INFO][Request Body: ]{}
[2020-10-09 09:23:13,746] http_request.py->send line:64 [INFO][Response Status_Code: ]200
[2020-10-09 09:23:13,746] http_request.py->send line:65 [INFO][Response Text: ]{"code":200,"data":"a40111e94851e9e7b698b960d13db504","success":true,"message":"success"}
[2020-10-09 09:23:13,746] cheack.py->comper_str line:13 [INFO]200---200结果一致
[2020-10-09 09:23:13,746] cheack.py->comper_str line:13 [INFO]200---200结果一致
[2020-10-09 09:23:13,747] cheack.py->comper_str line:13 [INFO].*---a40111e94851e9e7b698b960d13db504结果一致
[2020-10-09 09:23:13,747] cheack.py->comper_str line:13 [INFO]True---True结果一致
[2020-10-09 09:23:13,747] cheack.py->comper_str line:13 [INFO]success---success结果一致
[2020-10-09 09:23:13,748] http_request.py->send line:56 [INFO]--------------------------------[Token Start]-----------------------------
[2020-10-09 09:23:13,748] http_request.py->send line:57 [INFO][URl: ]https://api.usite.online:83/wujiang/dev/api/v2/parking/app/v1/auth/token
[2020-10-09 09:23:13,748] http_request.py->send line:58 [INFO][Request Header: ]{"Content-Type": "application/json"}
[2020-10-09 09:23:13,748] http_request.py->send line:59 [INFO][Request Body: ]{"username": "ohURa5IyyvhXBw89X73HPTcJwEAY", "publicKey": "a40111e94851e9e7b698b960d13db504", "type": 1}
[2020-10-09 09:23:13,788] http_request.py->send line:64 [INFO][Response Status_Code: ]200
[2020-10-09 09:23:13,789] http_request.py->send line:65 [INFO][Response Text: ]{"code":200,"data":{"expirationTime":"2020-10-10 09:23:12","token":"eyJhbGciOiJIUzI1NiJ9.eyJzdWIiOiJ1c2VyIiwidXNlcm5hbWUiOiJvaFVSYTVJeXl2aFhCdzg5WDczSFBUY0p3RUFZIiwicGFzc3dvcmQiOiI1QjcxdTFYVjhXQkZHaVNnIiwidHlwZSI6IjEiLCJpYXQiOjE2MDIyMDY1OTIsImV4cCI6MTYwMjI5Mjk5Mn0.NgD6wy9igIkiR5OmlfhSgGWakOGLtehYzKgprBZZXN0"},"success":true,"message":"success"}
[2020-10-09 09:23:13,789] cheack.py->comper_str line:13 [INFO]200---200结果一致
[2020-10-09 09:23:13,789] cheack.py->comper_str line:13 [INFO]200---200结果一致
[2020-10-09 09:23:13,789] cheack.py->comper_str line:13 [INFO].*---2020-10-10 09:23:12结果一致
[2020-10-09 09:23:13,789] cheack.py->comper_str line:13 [INFO].*---eyJhbGciOiJIUzI1NiJ9.eyJzdWIiOiJ1c2VyIiwidXNlcm5hbWUiOiJvaFVSYTVJeXl2aFhCdzg5WDczSFBUY0p3RUFZIiwicGFzc3dvcmQiOiI1QjcxdTFYVjhXQkZHaVNnIiwidHlwZSI6IjEiLCJpYXQiOjE2MDIyMDY1OTIsImV4cCI6MTYwMjI5Mjk5Mn0.NgD6wy9igIkiR5OmlfhSgGWakOGLtehYzKgprBZZXN0结果一致
[2020-10-09 09:23:13,789] cheack.py->comper_str line:13 [INFO]True---True结果一致
[2020-10-09 09:23:13,790] cheack.py->comper_str line:13 [INFO]success---success结果一致
[2020-10-09 09:23:13,791] http_request.py->send line:56 [INFO]--------------------------------[GetParkingPayBase Start]-----------------------------
[2020-10-09 09:23:13,791] http_request.py->send line:57 [INFO][URl: ]https://api.usite.online:83/wujiang/dev/api/v2/parking/order/getParkingPayBase/1/001/苏EL16F1/ohURa5IyyvhXBw89X73HPTcJwEAY
[2020-10-09 09:23:13,791] http_request.py->send line:58 [INFO][Request Header: ]{"Content-Type": "application/json", "token": "eyJhbGciOiJIUzI1NiJ9.eyJzdWIiOiJ1c2VyIiwidXNlcm5hbWUiOiJvaFVSYTVJeXl2aFhCdzg5WDczSFBUY0p3RUFZIiwicGFzc3dvcmQiOiI1QjcxdTFYVjhXQkZHaVNnIiwidHlwZSI6IjEiLCJpYXQiOjE2MDIyMDY1OTIsImV4cCI6MTYwMjI5Mjk5Mn0.NgD6wy9igIkiR5OmlfhSgGWakOGLtehYzKgprBZZXN0"}
[2020-10-09 09:23:13,791] http_request.py->send line:59 [INFO][Request Body: ]{}
[2020-10-09 09:23:13,853] http_request.py->send line:64 [INFO][Response Status_Code: ]200
[2020-10-09 09:23:13,854] http_request.py->send line:65 [INFO][Response Text: ]{"code":500,"data":{"carPlateNo":"苏EL16F1","carPlateColor":"001"},"success":true,"message":"无停车缴费"}
[2020-10-09 09:23:13,854] cheack.py->comper_str line:13 [INFO]200---200结果一致
[2020-10-09 09:23:13,854] cheack.py->comper_str line:15 [INFO]200---500结果不一致
[2020-10-09 09:26:31,458] http_request.py->send line:56 [INFO]--------------------------------[Publickey Start]-----------------------------
[2020-10-09 09:26:31,459] http_request.py->send line:57 [INFO][URl: ]https://api.usite.online:83/wujiang/dev/api/v2/parking/app/v1/auth/publicKey/ohURa5IyyvhXBw89X73HPTcJwEAY
[2020-10-09 09:26:31,459] http_request.py->send line:58 [INFO][Request Header: ]{"Content-Type": "application/json"}
[2020-10-09 09:26:31,459] http_request.py->send line:59 [INFO][Request Body: ]{}
[2020-10-09 09:26:31,691] http_request.py->send line:64 [INFO][Response Status_Code: ]200
[2020-10-09 09:26:31,691] http_request.py->send line:65 [INFO][Response Text: ]{"code":200,"data":"d6969df29d1b1cd0fdc9120f7fdad9cd","success":true,"message":"success"}
[2020-10-09 09:26:31,692] cheack.py->comper_str line:13 [INFO]200---200结果一致
[2020-10-09 09:26:31,692] cheack.py->comper_str line:13 [INFO]200---200结果一致
[2020-10-09 09:26:31,693] cheack.py->comper_str line:13 [INFO].*---d6969df29d1b1cd0fdc9120f7fdad9cd结果一致
[2020-10-09 09:26:31,693] cheack.py->comper_str line:13 [INFO]True---True结果一致
[2020-10-09 09:26:31,693] cheack.py->comper_str line:13 [INFO]success---success结果一致
[2020-10-09 09:26:31,696] http_request.py->send line:56 [INFO]--------------------------------[Token Start]-----------------------------
[2020-10-09 09:26:31,697] http_request.py->send line:57 [INFO][URl: ]https://api.usite.online:83/wujiang/dev/api/v2/parking/app/v1/auth/token
[2020-10-09 09:26:31,697] http_request.py->send line:58 [INFO][Request Header: ]{"Content-Type": "application/json"}
[2020-10-09 09:26:31,697] http_request.py->send line:59 [INFO][Request Body: ]{"username": "ohURa5IyyvhXBw89X73HPTcJwEAY", "publicKey": "d6969df29d1b1cd0fdc9120f7fdad9cd", "type": 1}
[2020-10-09 09:26:31,750] http_request.py->send line:64 [INFO][Response Status_Code: ]200
[2020-10-09 09:26:31,750] http_request.py->send line:65 [INFO][Response Text: ]{"code":200,"data":{"expirationTime":"2020-10-10 09:26:30","token":"eyJhbGciOiJIUzI1NiJ9.eyJzdWIiOiJ1c2VyIiwidXNlcm5hbWUiOiJvaFVSYTVJeXl2aFhCdzg5WDczSFBUY0p3RUFZIiwicGFzc3dvcmQiOiI1QjcxdTFYVjhXQkZHaVNnIiwidHlwZSI6IjEiLCJpYXQiOjE2MDIyMDY3OTAsImV4cCI6MTYwMjI5MzE5MH0.f1Fcr3dCGCbQzK7FVwQapAjHP44Ieb0XSBXFF4YsywY"},"success":true,"message":"success"}
[2020-10-09 09:26:31,750] cheack.py->comper_str line:13 [INFO]200---200结果一致
[2020-10-09 09:26:31,751] cheack.py->comper_str line:13 [INFO]200---200结果一致
[2020-10-09 09:26:31,751] cheack.py->comper_str line:13 [INFO].*---2020-10-10 09:26:30结果一致
[2020-10-09 09:26:31,751] cheack.py->comper_str line:13 [INFO].*---eyJhbGciOiJIUzI1NiJ9.eyJzdWIiOiJ1c2VyIiwidXNlcm5hbWUiOiJvaFVSYTVJeXl2aFhCdzg5WDczSFBUY0p3RUFZIiwicGFzc3dvcmQiOiI1QjcxdTFYVjhXQkZHaVNnIiwidHlwZSI6IjEiLCJpYXQiOjE2MDIyMDY3OTAsImV4cCI6MTYwMjI5MzE5MH0.f1Fcr3dCGCbQzK7FVwQapAjHP44Ieb0XSBXFF4YsywY结果一致
[2020-10-09 09:26:31,751] cheack.py->comper_str line:13 [INFO]True---True结果一致
[2020-10-09 09:26:31,751] cheack.py->comper_str line:13 [INFO]success---success结果一致
[2020-10-09 09:26:31,752] http_request.py->send line:56 [INFO]--------------------------------[GetParkingPayBase Start]-----------------------------
[2020-10-09 09:26:31,752] http_request.py->send line:57 [INFO][URl: ]https://api.usite.online:83/wujiang/dev/api/v2/parking/order/getParkingPayBase/1/001/苏EL16F0/ohURa5IyyvhXBw89X73HPTcJwEAY
[2020-10-09 09:26:31,752] http_request.py->send line:58 [INFO][Request Header: ]{"Content-Type": "application/json", "token": "eyJhbGciOiJIUzI1NiJ9.eyJzdWIiOiJ1c2VyIiwidXNlcm5hbWUiOiJvaFVSYTVJeXl2aFhCdzg5WDczSFBUY0p3RUFZIiwicGFzc3dvcmQiOiI1QjcxdTFYVjhXQkZHaVNnIiwidHlwZSI6IjEiLCJpYXQiOjE2MDIyMDY3OTAsImV4cCI6MTYwMjI5MzE5MH0.f1Fcr3dCGCbQzK7FVwQapAjHP44Ieb0XSBXFF4YsywY"}
[2020-10-09 09:26:31,752] http_request.py->send line:59 [INFO][Request Body: ]{}
[2020-10-09 09:26:31,809] http_request.py->send line:64 [INFO][Response Status_Code: ]200
[2020-10-09 09:26:31,812] http_request.py->send line:65 [INFO][Response Text: ]{"code":200,"data":{"carPlateNo":"苏EL16F0","carPlateColor":"001","parkingCode":"PR010072","parkingName":"人民广场P+R停车场","parkingType":"002","orderNo":null,"inTime":"2020-09-29 08:57:07","parkingDuration":null,"orderAmount":null,"payAmount":null,"orderDetail":null,"couponAccount":null,"merchantExpenses":null,"userType":null,"allowSettleAllFee":null,"payStatus":"000"},"success":true,"message":"停车缴费信息"}
[2020-10-09 09:26:31,877] cheack.py->comper_str line:13 [INFO]200---200结果一致
[2020-10-09 09:26:31,878] cheack.py->comper_str line:13 [INFO]200---200结果一致
[2020-10-09 09:26:31,878] cheack.py->comper_str line:13 [INFO]苏EL16F0---苏EL16F0结果一致
[2020-10-09 09:26:31,879] cheack.py->comper_str line:13 [INFO]001---001结果一致
[2020-10-09 09:26:31,879] cheack.py->comper_str line:13 [INFO]PR010072---PR010072结果一致
[2020-10-09 09:26:31,880] cheack.py->comper_str line:13 [INFO].*---人民广场P+R停车场结果一致
[2020-10-09 09:26:31,880] cheack.py->comper_str line:13 [INFO]002---002结果一致
[2020-10-09 09:26:31,880] cheack.py->comper_str line:13 [INFO]---None结果一致
[2020-10-09 09:26:31,880] cheack.py->comper_str line:13 [INFO]2020-09-29 08:57:07---2020-09-29 08:57:07结果一致
[2020-10-09 09:26:31,880] cheack.py->comper_str line:13 [INFO]---None结果一致
[2020-10-09 09:26:31,880] cheack.py->comper_str line:13 [INFO]---None结果一致
[2020-10-09 09:26:31,881] cheack.py->comper_str line:13 [INFO]---None结果一致
[2020-10-09 09:26:31,881] cheack.py->comper_str line:13 [INFO]---None结果一致
[2020-10-09 09:26:31,881] cheack.py->comper_str line:13 [INFO]---None结果一致
[2020-10-09 09:26:31,881] cheack.py->comper_str line:13 [INFO]---None结果一致
[2020-10-09 09:26:31,881] cheack.py->comper_str line:13 [INFO]---None结果一致
[2020-10-09 09:26:31,881] cheack.py->comper_str line:13 [INFO]---None结果一致
[2020-10-09 09:26:31,881] cheack.py->comper_str line:13 [INFO]000---000结果一致
[2020-10-09 09:26:31,881] cheack.py->comper_str line:13 [INFO]True---True结果一致
[2020-10-09 09:26:31,882] cheack.py->comper_str line:13 [INFO]停车缴费信息---停车缴费信息结果一致
[2020-10-09 09:26:31,894] http_request.py->send line:56 [INFO]--------------------------------[Publickey Start]-----------------------------
[2020-10-09 09:26:31,894] http_request.py->send line:57 [INFO][URl: ]https://api.usite.online:83/wujiang/dev/api/v2/parking/app/v1/auth/publicKey/ohURa5IyyvhXBw89X73HPTcJwEAY
[2020-10-09 09:26:31,894] http_request.py->send line:58 [INFO][Request Header: ]{"Content-Type": "application/json"}
[2020-10-09 09:26:31,894] http_request.py->send line:59 [INFO][Request Body: ]{}
[2020-10-09 09:26:31,935] http_request.py->send line:64 [INFO][Response Status_Code: ]200
[2020-10-09 09:26:31,935] http_request.py->send line:65 [INFO][Response Text: ]{"code":200,"data":"d6969df29d1b1cd0fdc9120f7fdad9cd","success":true,"message":"success"}
[2020-10-09 09:26:31,936] cheack.py->comper_str line:13 [INFO]200---200结果一致
[2020-10-09 09:26:31,936] cheack.py->comper_str line:13 [INFO]200---200结果一致
[2020-10-09 09:26:31,936] cheack.py->comper_str line:13 [INFO].*---d6969df29d1b1cd0fdc9120f7fdad9cd结果一致
[2020-10-09 09:26:31,936] cheack.py->comper_str line:13 [INFO]True---True结果一致
[2020-10-09 09:26:31,936] cheack.py->comper_str line:13 [INFO]success---success结果一致
[2020-10-09 09:26:31,938] http_request.py->send line:56 [INFO]--------------------------------[Token Start]-----------------------------
[2020-10-09 09:26:31,938] http_request.py->send line:57 [INFO][URl: ]https://api.usite.online:83/wujiang/dev/api/v2/parking/app/v1/auth/token
[2020-10-09 09:26:31,938] http_request.py->send line:58 [INFO][Request Header: ]{"Content-Type": "application/json"}
[2020-10-09 09:26:31,938] http_request.py->send line:59 [INFO][Request Body: ]{"username": "ohURa5IyyvhXBw89X73HPTcJwEAY", "publicKey": "d6969df29d1b1cd0fdc9120f7fdad9cd", "type": 1}
[2020-10-09 09:26:31,990] http_request.py->send line:64 [INFO][Response Status_Code: ]200
[2020-10-09 09:26:31,990] http_request.py->send line:65 [INFO][Response Text: ]{"code":200,"data":{"expirationTime":"2020-10-10 09:26:30","token":"eyJhbGciOiJIUzI1NiJ9.eyJzdWIiOiJ1c2VyIiwidXNlcm5hbWUiOiJvaFVSYTVJeXl2aFhCdzg5WDczSFBUY0p3RUFZIiwicGFzc3dvcmQiOiI1QjcxdTFYVjhXQkZHaVNnIiwidHlwZSI6IjEiLCJpYXQiOjE2MDIyMDY3OTAsImV4cCI6MTYwMjI5MzE5MH0.f1Fcr3dCGCbQzK7FVwQapAjHP44Ieb0XSBXFF4YsywY"},"success":true,"message":"success"}
[2020-10-09 09:26:31,990] cheack.py->comper_str line:13 [INFO]200---200结果一致
[2020-10-09 09:26:31,991] cheack.py->comper_str line:13 [INFO]200---200结果一致
[2020-10-09 09:26:31,991] cheack.py->comper_str line:13 [INFO].*---2020-10-10 09:26:30结果一致
[2020-10-09 09:26:31,991] cheack.py->comper_str line:13 [INFO].*---eyJhbGciOiJIUzI1NiJ9.eyJzdWIiOiJ1c2VyIiwidXNlcm5hbWUiOiJvaFVSYTVJeXl2aFhCdzg5WDczSFBUY0p3RUFZIiwicGFzc3dvcmQiOiI1QjcxdTFYVjhXQkZHaVNnIiwidHlwZSI6IjEiLCJpYXQiOjE2MDIyMDY3OTAsImV4cCI6MTYwMjI5MzE5MH0.f1Fcr3dCGCbQzK7FVwQapAjHP44Ieb0XSBXFF4YsywY结果一致
[2020-10-09 09:26:31,991] cheack.py->comper_str line:13 [INFO]True---True结果一致
[2020-10-09 09:26:31,991] cheack.py->comper_str line:13 [INFO]success---success结果一致
[2020-10-09 09:26:31,992] http_request.py->send line:56 [INFO]--------------------------------[GetParkingPayBase Start]-----------------------------
[2020-10-09 09:26:31,993] http_request.py->send line:57 [INFO][URl: ]https://api.usite.online:83/wujiang/dev/api/v2/parking/order/getParkingPayBase/1/001/苏EL16F1/ohURa5IyyvhXBw89X73HPTcJwEAY
[2020-10-09 09:26:31,993] http_request.py->send line:58 [INFO][Request Header: ]{"Content-Type": "application/json", "token": "eyJhbGciOiJIUzI1NiJ9.eyJzdWIiOiJ1c2VyIiwidXNlcm5hbWUiOiJvaFVSYTVJeXl2aFhCdzg5WDczSFBUY0p3RUFZIiwicGFzc3dvcmQiOiI1QjcxdTFYVjhXQkZHaVNnIiwidHlwZSI6IjEiLCJpYXQiOjE2MDIyMDY3OTAsImV4cCI6MTYwMjI5MzE5MH0.f1Fcr3dCGCbQzK7FVwQapAjHP44Ieb0XSBXFF4YsywY"}
[2020-10-09 09:26:31,993] http_request.py->send line:59 [INFO][Request Body: ]{}
[2020-10-09 09:26:32,051] http_request.py->send line:64 [INFO][Response Status_Code: ]200
[2020-10-09 09:26:32,052] http_request.py->send line:65 [INFO][Response Text: ]{"code":500,"data":{"carPlateNo":"苏EL16F1","carPlateColor":"001"},"success":true,"message":"无停车缴费"}
[2020-10-09 09:26:32,052] cheack.py->comper_str line:13 [INFO]200---200结果一致
[2020-10-09 09:26:32,052] cheack.py->comper_str line:15 [INFO]200---500结果不一致
[2020-10-09 09:29:21,320] http_request.py->send line:56 [INFO]--------------------------------[Publickey Start]-----------------------------
[2020-10-09 09:29:21,321] http_request.py->send line:57 [INFO][URl: ]https://api.usite.online:83/wujiang/dev/api/v2/parking/app/v1/auth/publicKey/ohURa5IyyvhXBw89X73HPTcJwEAY
[2020-10-09 09:29:21,321] http_request.py->send line:58 [INFO][Request Header: ]{"Content-Type": "application/json"}
[2020-10-09 09:29:21,321] http_request.py->send line:59 [INFO][Request Body: ]{}
[2020-10-09 09:29:21,389] http_request.py->send line:64 [INFO][Response Status_Code: ]200
[2020-10-09 09:29:21,389] http_request.py->send line:65 [INFO][Response Text: ]{"code":200,"data":"1f7a1b7c4ba8b4b956544be65a1de8f3","success":true,"message":"success"}
[2020-10-09 09:29:21,390] cheack.py->comper_str line:13 [INFO]200---200结果一致
[2020-10-09 09:29:21,390] cheack.py->comper_str line:13 [INFO]200---200结果一致
[2020-10-09 09:29:21,390] cheack.py->comper_str line:13 [INFO].*---1f7a1b7c4ba8b4b956544be65a1de8f3结果一致
[2020-10-09 09:29:21,390] cheack.py->comper_str line:13 [INFO]True---True结果一致
[2020-10-09 09:29:21,390] cheack.py->comper_str line:13 [INFO]success---success结果一致
[2020-10-09 09:29:21,392] http_request.py->send line:56 [INFO]--------------------------------[Token Start]-----------------------------
[2020-10-09 09:29:21,392] http_request.py->send line:57 [INFO][URl: ]https://api.usite.online:83/wujiang/dev/api/v2/parking/app/v1/auth/token
[2020-10-09 09:29:21,392] http_request.py->send line:58 [INFO][Request Header: ]{"Content-Type": "application/json"}
[2020-10-09 09:29:21,392] http_request.py->send line:59 [INFO][Request Body: ]{"username": "ohURa5IyyvhXBw89X73HPTcJwEAY", "publicKey": "1f7a1b7c4ba8b4b956544be65a1de8f3", "type": 1}
[2020-10-09 09:29:21,436] http_request.py->send line:64 [INFO][Response Status_Code: ]200
[2020-10-09 09:29:21,436] http_request.py->send line:65 [INFO][Response Text: ]{"code":200,"data":{"expirationTime":"2020-10-10 09:29:20","token":"eyJhbGciOiJIUzI1NiJ9.eyJzdWIiOiJ1c2VyIiwidXNlcm5hbWUiOiJvaFVSYTVJeXl2aFhCdzg5WDczSFBUY0p3RUFZIiwicGFzc3dvcmQiOiI1QjcxdTFYVjhXQkZHaVNnIiwidHlwZSI6IjEiLCJpYXQiOjE2MDIyMDY5NjAsImV4cCI6MTYwMjI5MzM2MH0.6SpOE7RkSPjsXIcxaMcL6VrpJ7mvvdIyHluAHGijfKU"},"success":true,"message":"success"}
[2020-10-09 09:29:21,437] cheack.py->comper_str line:13 [INFO]200---200结果一致
[2020-10-09 09:29:21,437] cheack.py->comper_str line:13 [INFO]200---200结果一致
[2020-10-09 09:29:21,437] cheack.py->comper_str line:13 [INFO].*---2020-10-10 09:29:20结果一致
[2020-10-09 09:29:21,437] cheack.py->comper_str line:13 [INFO].*---eyJhbGciOiJIUzI1NiJ9.eyJzdWIiOiJ1c2VyIiwidXNlcm5hbWUiOiJvaFVSYTVJeXl2aFhCdzg5WDczSFBUY0p3RUFZIiwicGFzc3dvcmQiOiI1QjcxdTFYVjhXQkZHaVNnIiwidHlwZSI6IjEiLCJpYXQiOjE2MDIyMDY5NjAsImV4cCI6MTYwMjI5MzM2MH0.6SpOE7RkSPjsXIcxaMcL6VrpJ7mvvdIyHluAHGijfKU结果一致
[2020-10-09 09:29:21,437] cheack.py->comper_str line:13 [INFO]True---True结果一致
[2020-10-09 09:29:21,437] cheack.py->comper_str line:13 [INFO]success---success结果一致
[2020-10-09 09:29:21,438] http_request.py->send line:56 [INFO]--------------------------------[GetParkingPayBase Start]-----------------------------
[2020-10-09 09:29:21,438] http_request.py->send line:57 [INFO][URl: ]https://api.usite.online:83/wujiang/dev/api/v2/parking/order/getParkingPayBase/1/001/苏EL16F0/ohURa5IyyvhXBw89X73HPTcJwEAY
[2020-10-09 09:29:21,439] http_request.py->send line:58 [INFO][Request Header: ]{"Content-Type": "application/json", "token": "eyJhbGciOiJIUzI1NiJ9.eyJzdWIiOiJ1c2VyIiwidXNlcm5hbWUiOiJvaFVSYTVJeXl2aFhCdzg5WDczSFBUY0p3RUFZIiwicGFzc3dvcmQiOiI1QjcxdTFYVjhXQkZHaVNnIiwidHlwZSI6IjEiLCJpYXQiOjE2MDIyMDY5NjAsImV4cCI6MTYwMjI5MzM2MH0.6SpOE7RkSPjsXIcxaMcL6VrpJ7mvvdIyHluAHGijfKU"}
[2020-10-09 09:29:21,439] http_request.py->send line:59 [INFO][Request Body: ]{}
[2020-10-09 09:29:21,496] http_request.py->send line:64 [INFO][Response Status_Code: ]200
[2020-10-09 09:29:21,500] http_request.py->send line:65 [INFO][Response Text: ]{"code":200,"data":{"carPlateNo":"苏EL16F0","carPlateColor":"001","parkingCode":"PR010072","parkingName":"人民广场P+R停车场","parkingType":"002","orderNo":null,"inTime":"2020-09-29 08:57:07","parkingDuration":null,"orderAmount":null,"payAmount":null,"orderDetail":null,"couponAccount":null,"merchantExpenses":null,"userType":null,"allowSettleAllFee":null,"payStatus":"000"},"success":true,"message":"停车缴费信息"}
[2020-10-09 09:29:21,500] cheack.py->comper_str line:13 [INFO]200---200结果一致
[2020-10-09 09:29:21,500] cheack.py->comper_str line:13 [INFO]200---200结果一致
[2020-10-09 09:29:21,500] cheack.py->comper_str line:13 [INFO]苏EL16F0---苏EL16F0结果一致
[2020-10-09 09:29:21,500] cheack.py->comper_str line:13 [INFO]001---001结果一致
[2020-10-09 09:29:21,500] cheack.py->comper_str line:13 [INFO]PR010072---PR010072结果一致
[2020-10-09 09:29:21,501] cheack.py->comper_str line:13 [INFO].*---人民广场P+R停车场结果一致
[2020-10-09 09:29:21,501] cheack.py->comper_str line:13 [INFO]002---002结果一致
[2020-10-09 09:29:21,501] cheack.py->comper_str line:13 [INFO]---None结果一致
[2020-10-09 09:29:21,501] cheack.py->comper_str line:13 [INFO]2020-09-29 08:57:07---2020-09-29 08:57:07结果一致
[2020-10-09 09:29:21,501] cheack.py->comper_str line:13 [INFO]---None结果一致
[2020-10-09 09:29:21,501] cheack.py->comper_str line:13 [INFO]---None结果一致
[2020-10-09 09:29:21,501] cheack.py->comper_str line:13 [INFO]---None结果一致
[2020-10-09 09:29:21,501] cheack.py->comper_str line:13 [INFO]---None结果一致
[2020-10-09 09:29:21,501] cheack.py->comper_str line:13 [INFO]---None结果一致
[2020-10-09 09:29:21,502] cheack.py->comper_str line:13 [INFO]---None结果一致
[2020-10-09 09:29:21,502] cheack.py->comper_str line:13 [INFO]---None结果一致
[2020-10-09 09:29:21,502] cheack.py->comper_str line:13 [INFO]---None结果一致
[2020-10-09 09:29:21,502] cheack.py->comper_str line:13 [INFO]000---000结果一致
[2020-10-09 09:29:21,502] cheack.py->comper_str line:13 [INFO]True---True结果一致
[2020-10-09 09:29:21,502] cheack.py->comper_str line:13 [INFO]停车缴费信息---停车缴费信息结果一致
[2020-10-09 09:29:21,510] http_request.py->send line:56 [INFO]--------------------------------[Publickey Start]-----------------------------
[2020-10-09 09:29:21,510] http_request.py->send line:57 [INFO][URl: ]https://api.usite.online:83/wujiang/dev/api/v2/parking/app/v1/auth/publicKey/ohURa5IyyvhXBw89X73HPTcJwEAY
[2020-10-09 09:29:21,511] http_request.py->send line:58 [INFO][Request Header: ]{"Content-Type": "application/json"}
[2020-10-09 09:29:21,511] http_request.py->send line:59 [INFO][Request Body: ]{}
[2020-10-09 09:29:21,548] http_request.py->send line:64 [INFO][Response Status_Code: ]200
[2020-10-09 09:29:21,549] http_request.py->send line:65 [INFO][Response Text: ]{"code":200,"data":"1f7a1b7c4ba8b4b956544be65a1de8f3","success":true,"message":"success"}
[2020-10-09 09:29:21,549] cheack.py->comper_str line:13 [INFO]200---200结果一致
[2020-10-09 09:29:21,549] cheack.py->comper_str line:13 [INFO]200---200结果一致
[2020-10-09 09:29:21,549] cheack.py->comper_str line:13 [INFO].*---1f7a1b7c4ba8b4b956544be65a1de8f3结果一致
[2020-10-09 09:29:21,549] cheack.py->comper_str line:13 [INFO]True---True结果一致
[2020-10-09 09:29:21,549] cheack.py->comper_str line:13 [INFO]success---success结果一致
[2020-10-09 09:29:21,550] http_request.py->send line:56 [INFO]--------------------------------[Token Start]-----------------------------
[2020-10-09 09:29:21,550] http_request.py->send line:57 [INFO][URl: ]https://api.usite.online:83/wujiang/dev/api/v2/parking/app/v1/auth/token
[2020-10-09 09:29:21,551] http_request.py->send line:58 [INFO][Request Header: ]{"Content-Type": "application/json"}
[2020-10-09 09:29:21,551] http_request.py->send line:59 [INFO][Request Body: ]{"username": "ohURa5IyyvhXBw89X73HPTcJwEAY", "publicKey": "1f7a1b7c4ba8b4b956544be65a1de8f3", "type": 1}
[2020-10-09 09:29:21,593] http_request.py->send line:64 [INFO][Response Status_Code: ]200
[2020-10-09 09:29:21,593] http_request.py->send line:65 [INFO][Response Text: ]{"code":200,"data":{"expirationTime":"2020-10-10 09:29:20","token":"eyJhbGciOiJIUzI1NiJ9.eyJzdWIiOiJ1c2VyIiwidXNlcm5hbWUiOiJvaFVSYTVJeXl2aFhCdzg5WDczSFBUY0p3RUFZIiwicGFzc3dvcmQiOiI1QjcxdTFYVjhXQkZHaVNnIiwidHlwZSI6IjEiLCJpYXQiOjE2MDIyMDY5NjAsImV4cCI6MTYwMjI5MzM2MH0.6SpOE7RkSPjsXIcxaMcL6VrpJ7mvvdIyHluAHGijfKU"},"success":true,"message":"success"}
[2020-10-09 09:29:21,594] cheack.py->comper_str line:13 [INFO]200---200结果一致
[2020-10-09 09:29:21,594] cheack.py->comper_str line:13 [INFO]200---200结果一致
[2020-10-09 09:29:21,594] cheack.py->comper_str line:13 [INFO].*---2020-10-10 09:29:20结果一致
[2020-10-09 09:29:21,594] cheack.py->comper_str line:13 [INFO].*---eyJhbGciOiJIUzI1NiJ9.eyJzdWIiOiJ1c2VyIiwidXNlcm5hbWUiOiJvaFVSYTVJeXl2aFhCdzg5WDczSFBUY0p3RUFZIiwicGFzc3dvcmQiOiI1QjcxdTFYVjhXQkZHaVNnIiwidHlwZSI6IjEiLCJpYXQiOjE2MDIyMDY5NjAsImV4cCI6MTYwMjI5MzM2MH0.6SpOE7RkSPjsXIcxaMcL6VrpJ7mvvdIyHluAHGijfKU结果一致
[2020-10-09 09:29:21,594] cheack.py->comper_str line:13 [INFO]True---True结果一致
[2020-10-09 09:29:21,594] cheack.py->comper_str line:13 [INFO]success---success结果一致
[2020-10-09 09:29:21,595] http_request.py->send line:56 [INFO]--------------------------------[GetParkingPayBase Start]-----------------------------
[2020-10-09 09:29:21,595] http_request.py->send line:57 [INFO][URl: ]https://api.usite.online:83/wujiang/dev/api/v2/parking/order/getParkingPayBase/1/001/苏EL16F1/ohURa5IyyvhXBw89X73HPTcJwEAY
[2020-10-09 09:29:21,595] http_request.py->send line:58 [INFO][Request Header: ]{"Content-Type": "application/json", "token": "eyJhbGciOiJIUzI1NiJ9.eyJzdWIiOiJ1c2VyIiwidXNlcm5hbWUiOiJvaFVSYTVJeXl2aFhCdzg5WDczSFBUY0p3RUFZIiwicGFzc3dvcmQiOiI1QjcxdTFYVjhXQkZHaVNnIiwidHlwZSI6IjEiLCJpYXQiOjE2MDIyMDY5NjAsImV4cCI6MTYwMjI5MzM2MH0.6SpOE7RkSPjsXIcxaMcL6VrpJ7mvvdIyHluAHGijfKU"}
[2020-10-09 09:29:21,595] http_request.py->send line:59 [INFO][Request Body: ]{}
[2020-10-09 09:29:21,662] http_request.py->send line:64 [INFO][Response Status_Code: ]200
[2020-10-09 09:29:21,663] http_request.py->send line:65 [INFO][Response Text: ]{"code":500,"data":{"carPlateNo":"苏EL16F1","carPlateColor":"001"},"success":true,"message":"无停车缴费"}
[2020-10-09 09:29:21,663] cheack.py->comper_str line:13 [INFO]200---200结果一致
[2020-10-09 09:29:21,664] cheack.py->comper_str line:15 [INFO]200---500结果不一致
[2020-10-09 09:31:28,854] http_request.py->send line:56 [INFO]--------------------------------[Publickey Start]-----------------------------
[2020-10-09 09:31:28,855] http_request.py->send line:57 [INFO][URl: ]https://api.usite.online:83/wujiang/dev/api/v2/parking/app/v1/auth/publicKey/ohURa5IyyvhXBw89X73HPTcJwEAY
[2020-10-09 09:31:28,855] http_request.py->send line:58 [INFO][Request Header: ]{"Content-Type": "application/json"}
[2020-10-09 09:31:28,855] http_request.py->send line:59 [INFO][Request Body: ]{}
[2020-10-09 09:31:28,930] http_request.py->send line:64 [INFO][Response Status_Code: ]200
[2020-10-09 09:31:28,930] http_request.py->send line:65 [INFO][Response Text: ]{"code":200,"data":"ee9934618da8dec950bb71b822d4f1d6","success":true,"message":"success"}
[2020-10-09 09:31:28,930] cheack.py->comper_str line:13 [INFO]200---200结果一致
[2020-10-09 09:31:28,931] cheack.py->comper_str line:13 [INFO]200---200结果一致
[2020-10-09 09:31:28,931] cheack.py->comper_str line:13 [INFO].*---ee9934618da8dec950bb71b822d4f1d6结果一致
[2020-10-09 09:31:28,931] cheack.py->comper_str line:13 [INFO]True---True结果一致
[2020-10-09 09:31:28,931] cheack.py->comper_str line:13 [INFO]success---success结果一致
[2020-10-09 09:31:28,932] http_request.py->send line:56 [INFO]--------------------------------[Token Start]-----------------------------
[2020-10-09 09:31:28,932] http_request.py->send line:57 [INFO][URl: ]https://api.usite.online:83/wujiang/dev/api/v2/parking/app/v1/auth/token
[2020-10-09 09:31:28,932] http_request.py->send line:58 [INFO][Request Header: ]{"Content-Type": "application/json"}
[2020-10-09 09:31:28,933] http_request.py->send line:59 [INFO][Request Body: ]{"username": "ohURa5IyyvhXBw89X73HPTcJwEAY", "publicKey": "ee9934618da8dec950bb71b822d4f1d6", "type": 1}
[2020-10-09 09:31:28,980] http_request.py->send line:64 [INFO][Response Status_Code: ]200
[2020-10-09 09:31:28,981] http_request.py->send line:65 [INFO][Response Text: ]{"code":200,"data":{"expirationTime":"2020-10-10 09:31:27","token":"eyJhbGciOiJIUzI1NiJ9.eyJzdWIiOiJ1c2VyIiwidXNlcm5hbWUiOiJvaFVSYTVJeXl2aFhCdzg5WDczSFBUY0p3RUFZIiwicGFzc3dvcmQiOiI1QjcxdTFYVjhXQkZHaVNnIiwidHlwZSI6IjEiLCJpYXQiOjE2MDIyMDcwODcsImV4cCI6MTYwMjI5MzQ4N30.gRC1C9cnNiudY3yTac3qZClHxuhDTMTCSI3DwrRZP8g"},"success":true,"message":"success"}
[2020-10-09 09:31:28,981] cheack.py->comper_str line:13 [INFO]200---200结果一致
[2020-10-09 09:31:28,981] cheack.py->comper_str line:13 [INFO]200---200结果一致
[2020-10-09 09:31:28,981] cheack.py->comper_str line:13 [INFO].*---2020-10-10 09:31:27结果一致
[2020-10-09 09:31:28,981] cheack.py->comper_str line:13 [INFO].*---eyJhbGciOiJIUzI1NiJ9.eyJzdWIiOiJ1c2VyIiwidXNlcm5hbWUiOiJvaFVSYTVJeXl2aFhCdzg5WDczSFBUY0p3RUFZIiwicGFzc3dvcmQiOiI1QjcxdTFYVjhXQkZHaVNnIiwidHlwZSI6IjEiLCJpYXQiOjE2MDIyMDcwODcsImV4cCI6MTYwMjI5MzQ4N30.gRC1C9cnNiudY3yTac3qZClHxuhDTMTCSI3DwrRZP8g结果一致
[2020-10-09 09:31:28,981] cheack.py->comper_str line:13 [INFO]True---True结果一致
[2020-10-09 09:31:28,982] cheack.py->comper_str line:13 [INFO]success---success结果一致
[2020-10-09 09:31:28,983] http_request.py->send line:56 [INFO]--------------------------------[GetParkingPayBase Start]-----------------------------
[2020-10-09 09:31:28,983] http_request.py->send line:57 [INFO][URl: ]https://api.usite.online:83/wujiang/dev/api/v2/parking/order/getParkingPayBase/1/001/苏EL16F0/ohURa5IyyvhXBw89X73HPTcJwEAY
[2020-10-09 09:31:28,984] http_request.py->send line:58 [INFO][Request Header: ]{"Content-Type": "application/json", "token": "eyJhbGciOiJIUzI1NiJ9.eyJzdWIiOiJ1c2VyIiwidXNlcm5hbWUiOiJvaFVSYTVJeXl2aFhCdzg5WDczSFBUY0p3RUFZIiwicGFzc3dvcmQiOiI1QjcxdTFYVjhXQkZHaVNnIiwidHlwZSI6IjEiLCJpYXQiOjE2MDIyMDcwODcsImV4cCI6MTYwMjI5MzQ4N30.gRC1C9cnNiudY3yTac3qZClHxuhDTMTCSI3DwrRZP8g"}
[2020-10-09 09:31:28,984] http_request.py->send line:59 [INFO][Request Body: ]{}
[2020-10-09 09:31:29,041] http_request.py->send line:64 [INFO][Response Status_Code: ]200
[2020-10-09 09:31:29,044] http_request.py->send line:65 [INFO][Response Text: ]{"code":200,"data":{"carPlateNo":"苏EL16F0","carPlateColor":"001","parkingCode":"PR010072","parkingName":"人民广场P+R停车场","parkingType":"002","orderNo":null,"inTime":"2020-09-29 08:57:07","parkingDuration":null,"orderAmount":null,"payAmount":null,"orderDetail":null,"couponAccount":null,"merchantExpenses":null,"userType":null,"allowSettleAllFee":null,"payStatus":"000"},"success":true,"message":"停车缴费信息"}
[2020-10-09 09:31:29,044] cheack.py->comper_str line:13 [INFO]200---200结果一致
[2020-10-09 09:31:29,044] cheack.py->comper_str line:13 [INFO]200---200结果一致
[2020-10-09 09:31:29,044] cheack.py->comper_str line:13 [INFO]苏EL16F0---苏EL16F0结果一致
[2020-10-09 09:31:29,044] cheack.py->comper_str line:13 [INFO]001---001结果一致
[2020-10-09 09:31:29,045] cheack.py->comper_str line:13 [INFO]PR010072---PR010072结果一致
[2020-10-09 09:31:29,045] cheack.py->comper_str line:13 [INFO].*---人民广场P+R停车场结果一致
[2020-10-09 09:31:29,045] cheack.py->comper_str line:13 [INFO]002---002结果一致
[2020-10-09 09:31:29,045] cheack.py->comper_str line:13 [INFO]---None结果一致
[2020-10-09 09:31:29,045] cheack.py->comper_str line:13 [INFO]2020-09-29 08:57:07---2020-09-29 08:57:07结果一致
[2020-10-09 09:31:29,045] cheack.py->comper_str line:13 [INFO]---None结果一致
[2020-10-09 09:31:29,045] cheack.py->comper_str line:13 [INFO]---None结果一致
[2020-10-09 09:31:29,045] cheack.py->comper_str line:13 [INFO]---None结果一致
[2020-10-09 09:31:29,045] cheack.py->comper_str line:13 [INFO]---None结果一致
[2020-10-09 09:31:29,045] cheack.py->comper_str line:13 [INFO]---None结果一致
[2020-10-09 09:31:29,046] cheack.py->comper_str line:13 [INFO]---None结果一致
[2020-10-09 09:31:29,046] cheack.py->comper_str line:13 [INFO]---None结果一致
[2020-10-09 09:31:29,046] cheack.py->comper_str line:13 [INFO]---None结果一致
[2020-10-09 09:31:29,046] cheack.py->comper_str line:13 [INFO]000---000结果一致
[2020-10-09 09:31:29,046] cheack.py->comper_str line:13 [INFO]True---True结果一致
[2020-10-09 09:31:29,046] cheack.py->comper_str line:13 [INFO]停车缴费信息---停车缴费信息结果一致
[2020-10-09 09:31:29,055] http_request.py->send line:56 [INFO]--------------------------------[Publickey Start]-----------------------------
[2020-10-09 09:31:29,055] http_request.py->send line:57 [INFO][URl: ]https://api.usite.online:83/wujiang/dev/api/v2/parking/app/v1/auth/publicKey/ohURa5IyyvhXBw89X73HPTcJwEAY
[2020-10-09 09:31:29,055] http_request.py->send line:58 [INFO][Request Header: ]{"Content-Type": "application/json"}
[2020-10-09 09:31:29,055] http_request.py->send line:59 [INFO][Request Body: ]{}
[2020-10-09 09:31:29,090] http_request.py->send line:64 [INFO][Response Status_Code: ]200
[2020-10-09 09:31:29,090] http_request.py->send line:65 [INFO][Response Text: ]{"code":200,"data":"ee9934618da8dec950bb71b822d4f1d6","success":true,"message":"success"}
[2020-10-09 09:31:29,091] cheack.py->comper_str line:13 [INFO]200---200结果一致
[2020-10-09 09:31:29,091] cheack.py->comper_str line:13 [INFO]200---200结果一致
[2020-10-09 09:31:29,091] cheack.py->comper_str line:13 [INFO].*---ee9934618da8dec950bb71b822d4f1d6结果一致
[2020-10-09 09:31:29,091] cheack.py->comper_str line:13 [INFO]True---True结果一致
[2020-10-09 09:31:29,091] cheack.py->comper_str line:13 [INFO]success---success结果一致
[2020-10-09 09:31:29,092] http_request.py->send line:56 [INFO]--------------------------------[Token Start]-----------------------------
[2020-10-09 09:31:29,092] http_request.py->send line:57 [INFO][URl: ]https://api.usite.online:83/wujiang/dev/api/v2/parking/app/v1/auth/token
[2020-10-09 09:31:29,092] http_request.py->send line:58 [INFO][Request Header: ]{"Content-Type": "application/json"}
[2020-10-09 09:31:29,093] http_request.py->send line:59 [INFO][Request Body: ]{"username": "ohURa5IyyvhXBw89X73HPTcJwEAY", "publicKey": "ee9934618da8dec950bb71b822d4f1d6", "type": 1}
[2020-10-09 09:31:29,140] http_request.py->send line:64 [INFO][Response Status_Code: ]200
[2020-10-09 09:31:29,140] http_request.py->send line:65 [INFO][Response Text: ]{"code":200,"data":{"expirationTime":"2020-10-10 09:31:27","token":"eyJhbGciOiJIUzI1NiJ9.eyJzdWIiOiJ1c2VyIiwidXNlcm5hbWUiOiJvaFVSYTVJeXl2aFhCdzg5WDczSFBUY0p3RUFZIiwicGFzc3dvcmQiOiI1QjcxdTFYVjhXQkZHaVNnIiwidHlwZSI6IjEiLCJpYXQiOjE2MDIyMDcwODcsImV4cCI6MTYwMjI5MzQ4N30.gRC1C9cnNiudY3yTac3qZClHxuhDTMTCSI3DwrRZP8g"},"success":true,"message":"success"}
[2020-10-09 09:31:29,140] cheack.py->comper_str line:13 [INFO]200---200结果一致
[2020-10-09 09:31:29,140] cheack.py->comper_str line:13 [INFO]200---200结果一致
[2020-10-09 09:31:29,141] cheack.py->comper_str line:13 [INFO].*---2020-10-10 09:31:27结果一致
[2020-10-09 09:31:29,141] cheack.py->comper_str line:13 [INFO].*---eyJhbGciOiJIUzI1NiJ9.eyJzdWIiOiJ1c2VyIiwidXNlcm5hbWUiOiJvaFVSYTVJeXl2aFhCdzg5WDczSFBUY0p3RUFZIiwicGFzc3dvcmQiOiI1QjcxdTFYVjhXQkZHaVNnIiwidHlwZSI6IjEiLCJpYXQiOjE2MDIyMDcwODcsImV4cCI6MTYwMjI5MzQ4N30.gRC1C9cnNiudY3yTac3qZClHxuhDTMTCSI3DwrRZP8g结果一致
[2020-10-09 09:31:29,141] cheack.py->comper_str line:13 [INFO]True---True结果一致
[2020-10-09 09:31:29,141] cheack.py->comper_str line:13 [INFO]success---success结果一致
[2020-10-09 09:31:29,142] http_request.py->send line:56 [INFO]--------------------------------[GetParkingPayBase Start]-----------------------------
[2020-10-09 09:31:29,142] http_request.py->send line:57 [INFO][URl: ]https://api.usite.online:83/wujiang/dev/api/v2/parking/order/getParkingPayBase/1/001/苏EL16F1/ohURa5IyyvhXBw89X73HPTcJwEAY
[2020-10-09 09:31:29,142] http_request.py->send line:58 [INFO][Request Header: ]{"Content-Type": "application/json", "token": "eyJhbGciOiJIUzI1NiJ9.eyJzdWIiOiJ1c2VyIiwidXNlcm5hbWUiOiJvaFVSYTVJeXl2aFhCdzg5WDczSFBUY0p3RUFZIiwicGFzc3dvcmQiOiI1QjcxdTFYVjhXQkZHaVNnIiwidHlwZSI6IjEiLCJpYXQiOjE2MDIyMDcwODcsImV4cCI6MTYwMjI5MzQ4N30.gRC1C9cnNiudY3yTac3qZClHxuhDTMTCSI3DwrRZP8g"}
[2020-10-09 09:31:29,142] http_request.py->send line:59 [INFO][Request Body: ]{}
[2020-10-09 09:31:29,198] http_request.py->send line:64 [INFO][Response Status_Code: ]200
[2020-10-09 09:31:29,199] http_request.py->send line:65 [INFO][Response Text: ]{"code":500,"data":{"carPlateNo":"苏EL16F1","carPlateColor":"001"},"success":true,"message":"无停车缴费"}
[2020-10-09 09:31:29,199] cheack.py->comper_str line:13 [INFO]200---200结果一致
[2020-10-09 09:31:29,200] cheack.py->comper_str line:15 [INFO]200---500结果不一致
[2020-10-10 14:46:17,208] http_request.py->send line:56 [INFO]--------------------------------[Publickey Start]-----------------------------
[2020-10-10 14:46:17,209] http_request.py->send line:57 [INFO][URl: ]https://api.usite.online:83/wujiang/dev/api/v2/parking/app/v1/auth/publicKey/ohURa5IyyvhXBw89X73HPTcJwEAY
[2020-10-10 14:46:17,209] http_request.py->send line:58 [INFO][Request Header: ]{"Content-Type": "application/json"}
[2020-10-10 14:46:17,209] http_request.py->send line:59 [INFO][Request Body: ]{}
[2020-10-10 14:46:17,284] http_request.py->send line:64 [INFO][Response Status_Code: ]502
[2020-10-10 14:46:17,286] http_request.py->send line:65 [INFO][Response Text: ]<!DOCTYPE html><html lang="en"><head><meta charset="UTF-8"><meta name="viewport" content="initial-scale=1, maximum-scale=1, user-scalable=no"><meta name="format-detection" content="telephone=no"><title>Error!</title><link rel="icon" href="favicon.ico" type="image/x-icon"/><link rel="shortcut icon" href="favicon.ico" type="image/x-icon"/><style>body{background-color:#F9F7F7;-webkit-font-smoothing: antialiased;}  h3{text-align:center;color:#9A8383;}  .copyright{position:fixed;bottom:0;left:0;right:0;font-size:12px;color:#f3e9e9;text-align:center;}  .copyright a{text-decoration:none;color:#f3e9e9}</style></head><body><div><h3>Error!</h3></div><span class="copyright">power by <a href="http://ucox.cn">ucox.cn</a></span></body></html>
[2020-10-10 14:46:17,286] cheack.py->comper_str line:15 [INFO]200---502结果不一致
[2020-10-10 14:46:17,465] http_request.py->send line:56 [INFO]--------------------------------[Publickey Start]-----------------------------
[2020-10-10 14:46:17,465] http_request.py->send line:57 [INFO][URl: ]https://api.usite.online:83/wujiang/dev/api/v2/parking/app/v1/auth/publicKey/ohURa5IyyvhXBw89X73HPTcJwEAY
[2020-10-10 14:46:17,465] http_request.py->send line:58 [INFO][Request Header: ]{"Content-Type": "application/json"}
[2020-10-10 14:46:17,467] http_request.py->send line:59 [INFO][Request Body: ]{}
[2020-10-10 14:46:17,504] http_request.py->send line:64 [INFO][Response Status_Code: ]502
[2020-10-10 14:46:17,504] http_request.py->send line:65 [INFO][Response Text: ]<!DOCTYPE html><html lang="en"><head><meta charset="UTF-8"><meta name="viewport" content="initial-scale=1, maximum-scale=1, user-scalable=no"><meta name="format-detection" content="telephone=no"><title>Error!</title><link rel="icon" href="favicon.ico" type="image/x-icon"/><link rel="shortcut icon" href="favicon.ico" type="image/x-icon"/><style>body{background-color:#F9F7F7;-webkit-font-smoothing: antialiased;}  h3{text-align:center;color:#9A8383;}  .copyright{position:fixed;bottom:0;left:0;right:0;font-size:12px;color:#f3e9e9;text-align:center;}  .copyright a{text-decoration:none;color:#f3e9e9}</style></head><body><div><h3>Error!</h3></div><span class="copyright">power by <a href="http://ucox.cn">ucox.cn</a></span></body></html>
[2020-10-10 14:46:17,504] cheack.py->comper_str line:15 [INFO]200---502结果不一致
[2020-10-10 15:32:49,543] http_request.py->send line:56 [INFO]--------------------------------[Publickey Start]-----------------------------
[2020-10-10 15:32:49,559] http_request.py->send line:57 [INFO][URl: ]https://api.usite.online:83/wujiang/dev/api/v2/parking/app/v1/auth/publicKey/ohURa5IyyvhXBw89X73HPTcJwEAY
[2020-10-10 15:32:49,559] http_request.py->send line:58 [INFO][Request Header: ]{"Content-Type": "application/json"}
[2020-10-10 15:32:49,559] http_request.py->send line:59 [INFO][Request Body: ]{}
[2020-10-10 15:32:49,657] http_request.py->send line:64 [INFO][Response Status_Code: ]502
[2020-10-10 15:32:49,657] http_request.py->send line:65 [INFO][Response Text: ]<!DOCTYPE html><html lang="en"><head><meta charset="UTF-8"><meta name="viewport" content="initial-scale=1, maximum-scale=1, user-scalable=no"><meta name="format-detection" content="telephone=no"><title>Error!</title><link rel="icon" href="favicon.ico" type="image/x-icon"/><link rel="shortcut icon" href="favicon.ico" type="image/x-icon"/><style>body{background-color:#F9F7F7;-webkit-font-smoothing: antialiased;}  h3{text-align:center;color:#9A8383;}  .copyright{position:fixed;bottom:0;left:0;right:0;font-size:12px;color:#f3e9e9;text-align:center;}  .copyright a{text-decoration:none;color:#f3e9e9}</style></head><body><div><h3>Error!</h3></div><span class="copyright">power by <a href="http://ucox.cn">ucox.cn</a></span></body></html>
[2020-10-10 15:32:49,659] cheack.py->comper_str line:15 [INFO]200---502结果不一致
[2020-10-10 15:32:49,848] http_request.py->send line:56 [INFO]--------------------------------[Publickey Start]-----------------------------
[2020-10-10 15:32:49,848] http_request.py->send line:57 [INFO][URl: ]https://api.usite.online:83/wujiang/dev/api/v2/parking/app/v1/auth/publicKey/ohURa5IyyvhXBw89X73HPTcJwEAY
[2020-10-10 15:32:49,848] http_request.py->send line:58 [INFO][Request Header: ]{"Content-Type": "application/json"}
[2020-10-10 15:32:49,848] http_request.py->send line:59 [INFO][Request Body: ]{}
[2020-10-10 15:32:49,888] http_request.py->send line:64 [INFO][Response Status_Code: ]502
[2020-10-10 15:32:49,888] http_request.py->send line:65 [INFO][Response Text: ]<!DOCTYPE html><html lang="en"><head><meta charset="UTF-8"><meta name="viewport" content="initial-scale=1, maximum-scale=1, user-scalable=no"><meta name="format-detection" content="telephone=no"><title>Error!</title><link rel="icon" href="favicon.ico" type="image/x-icon"/><link rel="shortcut icon" href="favicon.ico" type="image/x-icon"/><style>body{background-color:#F9F7F7;-webkit-font-smoothing: antialiased;}  h3{text-align:center;color:#9A8383;}  .copyright{position:fixed;bottom:0;left:0;right:0;font-size:12px;color:#f3e9e9;text-align:center;}  .copyright a{text-decoration:none;color:#f3e9e9}</style></head><body><div><h3>Error!</h3></div><span class="copyright">power by <a href="http://ucox.cn">ucox.cn</a></span></body></html>
[2020-10-10 15:32:49,889] cheack.py->comper_str line:15 [INFO]200---502结果不一致
[2020-10-10 16:01:03,945] http_request.py->send line:56 [INFO]--------------------------------[Publickey Start]-----------------------------
[2020-10-10 16:01:03,958] http_request.py->send line:57 [INFO][URl: ]https://api.usite.online:83/wujiang/dev/api/v2/parking/app/v1/auth/publicKey/ohURa5IyyvhXBw89X73HPTcJwEAY
[2020-10-10 16:01:03,958] http_request.py->send line:58 [INFO][Request Header: ]{"Content-Type": "application/json"}
[2020-10-10 16:01:03,958] http_request.py->send line:59 [INFO][Request Body: ]{}
[2020-10-10 16:01:04,273] http_request.py->send line:64 [INFO][Response Status_Code: ]200
[2020-10-10 16:01:04,274] http_request.py->send line:65 [INFO][Response Text: ]{"code":200,"data":"0f040afb89c5fcaf4e5d1b7cedc3d45a","success":true,"message":"success"}
[2020-10-10 16:01:04,274] cheack.py->comper_str line:13 [INFO]200---200结果一致
[2020-10-10 16:01:04,274] cheack.py->comper_str line:13 [INFO]200---200结果一致
[2020-10-10 16:01:04,274] cheack.py->comper_str line:13 [INFO].*---0f040afb89c5fcaf4e5d1b7cedc3d45a结果一致
[2020-10-10 16:01:04,274] cheack.py->comper_str line:13 [INFO]True---True结果一致
[2020-10-10 16:01:04,274] cheack.py->comper_str line:13 [INFO]success---success结果一致
[2020-10-10 16:01:04,276] http_request.py->send line:56 [INFO]--------------------------------[Token Start]-----------------------------
[2020-10-10 16:01:04,277] http_request.py->send line:57 [INFO][URl: ]https://api.usite.online:83/wujiang/dev/api/v2/parking/app/v1/auth/token
[2020-10-10 16:01:04,277] http_request.py->send line:58 [INFO][Request Header: ]{"Content-Type": "application/json"}
[2020-10-10 16:01:04,277] http_request.py->send line:59 [INFO][Request Body: ]{"username": "ohURa5IyyvhXBw89X73HPTcJwEAY", "publicKey": "0f040afb89c5fcaf4e5d1b7cedc3d45a", "type": 1}
[2020-10-10 16:01:04,363] http_request.py->send line:64 [INFO][Response Status_Code: ]200
[2020-10-10 16:01:04,363] http_request.py->send line:65 [INFO][Response Text: ]{"code":-1,"data":null,"success":false,"message":"get token failure"}
[2020-10-10 16:01:04,364] cheack.py->comper_str line:13 [INFO]200---200结果一致
[2020-10-10 16:01:04,364] cheack.py->comper_str line:15 [INFO]200----1结果不一致
[2020-10-10 16:01:04,587] http_request.py->send line:56 [INFO]--------------------------------[Publickey Start]-----------------------------
[2020-10-10 16:01:04,587] http_request.py->send line:57 [INFO][URl: ]https://api.usite.online:83/wujiang/dev/api/v2/parking/app/v1/auth/publicKey/ohURa5IyyvhXBw89X73HPTcJwEAY
[2020-10-10 16:01:04,587] http_request.py->send line:58 [INFO][Request Header: ]{"Content-Type": "application/json"}
[2020-10-10 16:01:04,587] http_request.py->send line:59 [INFO][Request Body: ]{}
[2020-10-10 16:01:04,638] http_request.py->send line:64 [INFO][Response Status_Code: ]200
[2020-10-10 16:01:04,639] http_request.py->send line:65 [INFO][Response Text: ]{"code":200,"data":"0f040afb89c5fcaf4e5d1b7cedc3d45a","success":true,"message":"success"}
[2020-10-10 16:01:04,639] cheack.py->comper_str line:13 [INFO]200---200结果一致
[2020-10-10 16:01:04,639] cheack.py->comper_str line:13 [INFO]200---200结果一致
[2020-10-10 16:01:04,639] cheack.py->comper_str line:13 [INFO].*---0f040afb89c5fcaf4e5d1b7cedc3d45a结果一致
[2020-10-10 16:01:04,639] cheack.py->comper_str line:13 [INFO]True---True结果一致
[2020-10-10 16:01:04,639] cheack.py->comper_str line:13 [INFO]success---success结果一致
[2020-10-10 16:01:04,641] http_request.py->send line:56 [INFO]--------------------------------[Token Start]-----------------------------
[2020-10-10 16:01:04,641] http_request.py->send line:57 [INFO][URl: ]https://api.usite.online:83/wujiang/dev/api/v2/parking/app/v1/auth/token
[2020-10-10 16:01:04,641] http_request.py->send line:58 [INFO][Request Header: ]{"Content-Type": "application/json"}
[2020-10-10 16:01:04,641] http_request.py->send line:59 [INFO][Request Body: ]{"username": "ohURa5IyyvhXBw89X73HPTcJwEAY", "publicKey": "0f040afb89c5fcaf4e5d1b7cedc3d45a", "type": 1}
[2020-10-10 16:01:04,684] http_request.py->send line:64 [INFO][Response Status_Code: ]200
[2020-10-10 16:01:04,685] http_request.py->send line:65 [INFO][Response Text: ]{"code":-1,"data":null,"success":false,"message":"get token failure"}
[2020-10-10 16:01:04,685] cheack.py->comper_str line:13 [INFO]200---200结果一致
[2020-10-10 16:01:04,685] cheack.py->comper_str line:15 [INFO]200----1结果不一致
